[2026-04-13T21:17:26.849+0000] {taskinstance.py:1957} INFO - Dependencies all met for dep_context=non-requeueable deps ti=<TaskInstance: nyc_taxi_daily_etl.transform scheduled__2026-04-12T02:00:00+00:00 [queued]>
[2026-04-13T21:17:26.852+0000] {taskinstance.py:1957} INFO - Dependencies all met for dep_context=requeueable deps ti=<TaskInstance: nyc_taxi_daily_etl.transform scheduled__2026-04-12T02:00:00+00:00 [queued]>
[2026-04-13T21:17:26.853+0000] {taskinstance.py:2171} INFO - Starting attempt 1 of 2
[2026-04-13T21:17:26.858+0000] {taskinstance.py:2192} INFO - Executing <Task(PythonOperator): transform> on 2026-04-12 02:00:00+00:00
[2026-04-13T21:17:26.860+0000] {standard_task_runner.py:60} INFO - Started process 433 to run task
[2026-04-13T21:17:26.864+0000] {standard_task_runner.py:87} INFO - Running: ['***', 'tasks', 'run', 'nyc_taxi_daily_etl', 'transform', 'scheduled__2026-04-12T02:00:00+00:00', '--job-id', '72', '--raw', '--subdir', 'DAGS_FOLDER/nyc_taxi_etl.py', '--cfg-path', '/tmp/tmp0mjv2bb_']
[2026-04-13T21:17:26.865+0000] {standard_task_runner.py:88} INFO - Job 72: Subtask transform
[2026-04-13T21:17:26.894+0000] {task_command.py:423} INFO - Running <TaskInstance: nyc_taxi_daily_etl.transform scheduled__2026-04-12T02:00:00+00:00 [running]> on host ce933bb4fe18
[2026-04-13T21:17:27.017+0000] {taskinstance.py:2481} INFO - Exporting env vars: AIRFLOW_CTX_DAG_OWNER='annjan' AIRFLOW_CTX_DAG_ID='nyc_taxi_daily_etl' AIRFLOW_CTX_TASK_ID='transform' AIRFLOW_CTX_EXECUTION_DATE='2026-04-12T02:00:00+00:00' AIRFLOW_CTX_TRY_NUMBER='1' AIRFLOW_CTX_DAG_RUN_ID='scheduled__2026-04-12T02:00:00+00:00'
[2026-04-13T21:17:27.035+0000] {logging_mixin.py:188} INFO - Columns available: []
[2026-04-13T21:17:27.035+0000] {logging_mixin.py:188} INFO - Columns reading: []
[2026-04-13T21:17:27.037+0000] {logging_mixin.py:188} INFO - Raw rows: 0
[2026-04-13T21:17:27.038+0000] {taskinstance.py:2699} ERROR - Task failed with exception
Traceback (most recent call last):
  File "/home/airflow/.local/lib/python3.8/site-packages/pandas/core/indexes/base.py", line 3653, in get_loc
    return self._engine.get_loc(casted_key)
  File "pandas/_libs/index.pyx", line 147, in pandas._libs.index.IndexEngine.get_loc
  File "pandas/_libs/index.pyx", line 176, in pandas._libs.index.IndexEngine.get_loc
  File "pandas/_libs/hashtable_class_helper.pxi", line 7080, in pandas._libs.hashtable.PyObjectHashTable.get_item
  File "pandas/_libs/hashtable_class_helper.pxi", line 7088, in pandas._libs.hashtable.PyObjectHashTable.get_item
KeyError: 'fare_amount'

The above exception was the direct cause of the following exception:

Traceback (most recent call last):
  File "/home/airflow/.local/lib/python3.8/site-packages/airflow/models/taskinstance.py", line 433, in _execute_task
    result = execute_callable(context=context, **execute_callable_kwargs)
  File "/home/airflow/.local/lib/python3.8/site-packages/airflow/operators/python.py", line 199, in execute
    return_value = self.execute_callable()
  File "/home/airflow/.local/lib/python3.8/site-packages/airflow/operators/python.py", line 216, in execute_callable
    return self.python_callable(*self.op_args, **self.op_kwargs)
  File "/opt/airflow/dags/nyc_taxi_etl.py", line 134, in transform_data
    df["fare_amount"]   = pd.to_numeric(df["fare_amount"],   errors="coerce").fillna(0)
  File "/home/airflow/.local/lib/python3.8/site-packages/pandas/core/frame.py", line 3761, in __getitem__
    indexer = self.columns.get_loc(key)
  File "/home/airflow/.local/lib/python3.8/site-packages/pandas/core/indexes/base.py", line 3655, in get_loc
    raise KeyError(key) from err
KeyError: 'fare_amount'
[2026-04-13T21:17:27.047+0000] {taskinstance.py:1138} INFO - Marking task as UP_FOR_RETRY. dag_id=nyc_taxi_daily_etl, task_id=transform, execution_date=20260412T020000, start_date=20260413T211726, end_date=20260413T211727
[2026-04-13T21:17:27.052+0000] {standard_task_runner.py:107} ERROR - Failed to execute job 72 for task transform ('fare_amount'; 433)
[2026-04-13T21:17:27.083+0000] {local_task_job_runner.py:234} INFO - Task exited with return code 1
[2026-04-13T21:17:27.098+0000] {taskinstance.py:3281} INFO - 0 downstream tasks scheduled from follow-on schedule check
