[2026-04-13T21:08:28.124+0000] {processor.py:161} INFO - Started process (PID=166) to work on /opt/airflow/dags/nyc_taxi_etl.py
[2026-04-13T21:08:28.128+0000] {processor.py:830} INFO - Processing file /opt/airflow/dags/nyc_taxi_etl.py for tasks to queue
[2026-04-13T21:08:28.128+0000] {logging_mixin.py:188} INFO - [2026-04-13T21:08:28.128+0000] {dagbag.py:538} INFO - Filling up the DagBag from /opt/airflow/dags/nyc_taxi_etl.py
[2026-04-13T21:08:29.007+0000] {processor.py:840} INFO - DAG(s) 'nyc_taxi_daily_etl' retrieved from /opt/airflow/dags/nyc_taxi_etl.py
[2026-04-13T21:08:29.030+0000] {logging_mixin.py:188} INFO - [2026-04-13T21:08:29.030+0000] {dag.py:3033} INFO - Sync 1 DAGs
[2026-04-13T21:08:29.047+0000] {logging_mixin.py:188} INFO - [2026-04-13T21:08:29.047+0000] {dag.py:3820} INFO - Setting next_dagrun for nyc_taxi_daily_etl to 2026-04-13T02:00:00+00:00, run_after=2026-04-14T02:00:00+00:00
[2026-04-13T21:08:29.059+0000] {processor.py:183} INFO - Processing /opt/airflow/dags/nyc_taxi_etl.py took 0.945 seconds
[2026-04-13T21:08:59.312+0000] {processor.py:161} INFO - Started process (PID=173) to work on /opt/airflow/dags/nyc_taxi_etl.py
[2026-04-13T21:08:59.313+0000] {processor.py:830} INFO - Processing file /opt/airflow/dags/nyc_taxi_etl.py for tasks to queue
[2026-04-13T21:08:59.313+0000] {logging_mixin.py:188} INFO - [2026-04-13T21:08:59.313+0000] {dagbag.py:538} INFO - Filling up the DagBag from /opt/airflow/dags/nyc_taxi_etl.py
[2026-04-13T21:08:59.504+0000] {processor.py:840} INFO - DAG(s) 'nyc_taxi_daily_etl' retrieved from /opt/airflow/dags/nyc_taxi_etl.py
[2026-04-13T21:08:59.645+0000] {logging_mixin.py:188} INFO - [2026-04-13T21:08:59.645+0000] {dag.py:3033} INFO - Sync 1 DAGs
[2026-04-13T21:08:59.660+0000] {logging_mixin.py:188} INFO - [2026-04-13T21:08:59.660+0000] {dag.py:3820} INFO - Setting next_dagrun for nyc_taxi_daily_etl to 2026-04-13T02:00:00+00:00, run_after=2026-04-14T02:00:00+00:00
[2026-04-13T21:08:59.822+0000] {processor.py:183} INFO - Processing /opt/airflow/dags/nyc_taxi_etl.py took 0.513 seconds
[2026-04-13T21:09:30.092+0000] {processor.py:161} INFO - Started process (PID=200) to work on /opt/airflow/dags/nyc_taxi_etl.py
[2026-04-13T21:09:30.094+0000] {processor.py:830} INFO - Processing file /opt/airflow/dags/nyc_taxi_etl.py for tasks to queue
[2026-04-13T21:09:30.095+0000] {logging_mixin.py:188} INFO - [2026-04-13T21:09:30.094+0000] {dagbag.py:538} INFO - Filling up the DagBag from /opt/airflow/dags/nyc_taxi_etl.py
[2026-04-13T21:09:30.393+0000] {processor.py:840} INFO - DAG(s) 'nyc_taxi_daily_etl' retrieved from /opt/airflow/dags/nyc_taxi_etl.py
[2026-04-13T21:09:30.493+0000] {logging_mixin.py:188} INFO - [2026-04-13T21:09:30.493+0000] {dag.py:3033} INFO - Sync 1 DAGs
[2026-04-13T21:09:30.690+0000] {logging_mixin.py:188} INFO - [2026-04-13T21:09:30.690+0000] {dag.py:3820} INFO - Setting next_dagrun for nyc_taxi_daily_etl to 2026-04-13T02:00:00+00:00, run_after=2026-04-14T02:00:00+00:00
[2026-04-13T21:09:30.708+0000] {processor.py:183} INFO - Processing /opt/airflow/dags/nyc_taxi_etl.py took 0.621 seconds
[2026-04-13T21:10:01.004+0000] {processor.py:161} INFO - Started process (PID=220) to work on /opt/airflow/dags/nyc_taxi_etl.py
[2026-04-13T21:10:01.006+0000] {processor.py:830} INFO - Processing file /opt/airflow/dags/nyc_taxi_etl.py for tasks to queue
[2026-04-13T21:10:01.008+0000] {logging_mixin.py:188} INFO - [2026-04-13T21:10:01.007+0000] {dagbag.py:538} INFO - Filling up the DagBag from /opt/airflow/dags/nyc_taxi_etl.py
[2026-04-13T21:10:01.289+0000] {processor.py:840} INFO - DAG(s) 'nyc_taxi_daily_etl' retrieved from /opt/airflow/dags/nyc_taxi_etl.py
[2026-04-13T21:10:01.369+0000] {logging_mixin.py:188} INFO - [2026-04-13T21:10:01.368+0000] {dag.py:3033} INFO - Sync 1 DAGs
[2026-04-13T21:10:01.401+0000] {logging_mixin.py:188} INFO - [2026-04-13T21:10:01.401+0000] {dag.py:3820} INFO - Setting next_dagrun for nyc_taxi_daily_etl to 2026-04-13T02:00:00+00:00, run_after=2026-04-14T02:00:00+00:00
[2026-04-13T21:10:01.434+0000] {processor.py:183} INFO - Processing /opt/airflow/dags/nyc_taxi_etl.py took 0.441 seconds
[2026-04-13T21:10:32.239+0000] {processor.py:161} INFO - Started process (PID=226) to work on /opt/airflow/dags/nyc_taxi_etl.py
[2026-04-13T21:10:32.245+0000] {processor.py:830} INFO - Processing file /opt/airflow/dags/nyc_taxi_etl.py for tasks to queue
[2026-04-13T21:10:32.247+0000] {logging_mixin.py:188} INFO - [2026-04-13T21:10:32.246+0000] {dagbag.py:538} INFO - Filling up the DagBag from /opt/airflow/dags/nyc_taxi_etl.py
[2026-04-13T21:10:32.794+0000] {processor.py:840} INFO - DAG(s) 'nyc_taxi_daily_etl' retrieved from /opt/airflow/dags/nyc_taxi_etl.py
[2026-04-13T21:10:32.868+0000] {logging_mixin.py:188} INFO - [2026-04-13T21:10:32.866+0000] {dag.py:3033} INFO - Sync 1 DAGs
[2026-04-13T21:10:32.950+0000] {logging_mixin.py:188} INFO - [2026-04-13T21:10:32.950+0000] {dag.py:3820} INFO - Setting next_dagrun for nyc_taxi_daily_etl to 2026-04-13T02:00:00+00:00, run_after=2026-04-14T02:00:00+00:00
[2026-04-13T21:10:32.977+0000] {processor.py:183} INFO - Processing /opt/airflow/dags/nyc_taxi_etl.py took 0.748 seconds
[2026-04-13T21:11:03.594+0000] {processor.py:161} INFO - Started process (PID=232) to work on /opt/airflow/dags/nyc_taxi_etl.py
[2026-04-13T21:11:03.595+0000] {processor.py:830} INFO - Processing file /opt/airflow/dags/nyc_taxi_etl.py for tasks to queue
[2026-04-13T21:11:03.596+0000] {logging_mixin.py:188} INFO - [2026-04-13T21:11:03.596+0000] {dagbag.py:538} INFO - Filling up the DagBag from /opt/airflow/dags/nyc_taxi_etl.py
[2026-04-13T21:11:03.905+0000] {processor.py:840} INFO - DAG(s) 'nyc_taxi_daily_etl' retrieved from /opt/airflow/dags/nyc_taxi_etl.py
[2026-04-13T21:11:03.927+0000] {logging_mixin.py:188} INFO - [2026-04-13T21:11:03.926+0000] {dag.py:3033} INFO - Sync 1 DAGs
[2026-04-13T21:11:03.952+0000] {logging_mixin.py:188} INFO - [2026-04-13T21:11:03.952+0000] {dag.py:3820} INFO - Setting next_dagrun for nyc_taxi_daily_etl to 2026-04-13T02:00:00+00:00, run_after=2026-04-14T02:00:00+00:00
[2026-04-13T21:11:04.744+0000] {processor.py:183} INFO - Processing /opt/airflow/dags/nyc_taxi_etl.py took 1.159 seconds
[2026-04-13T21:11:35.324+0000] {processor.py:161} INFO - Started process (PID=263) to work on /opt/airflow/dags/nyc_taxi_etl.py
[2026-04-13T21:11:35.326+0000] {processor.py:830} INFO - Processing file /opt/airflow/dags/nyc_taxi_etl.py for tasks to queue
[2026-04-13T21:11:35.327+0000] {logging_mixin.py:188} INFO - [2026-04-13T21:11:35.326+0000] {dagbag.py:538} INFO - Filling up the DagBag from /opt/airflow/dags/nyc_taxi_etl.py
[2026-04-13T21:11:35.678+0000] {processor.py:840} INFO - DAG(s) 'nyc_taxi_daily_etl' retrieved from /opt/airflow/dags/nyc_taxi_etl.py
[2026-04-13T21:11:36.002+0000] {logging_mixin.py:188} INFO - [2026-04-13T21:11:36.002+0000] {dag.py:3033} INFO - Sync 1 DAGs
[2026-04-13T21:11:36.017+0000] {logging_mixin.py:188} INFO - [2026-04-13T21:11:36.017+0000] {dag.py:3820} INFO - Setting next_dagrun for nyc_taxi_daily_etl to 2026-04-13T02:00:00+00:00, run_after=2026-04-14T02:00:00+00:00
[2026-04-13T21:11:36.030+0000] {processor.py:183} INFO - Processing /opt/airflow/dags/nyc_taxi_etl.py took 0.713 seconds
[2026-04-13T21:12:06.478+0000] {processor.py:161} INFO - Started process (PID=269) to work on /opt/airflow/dags/nyc_taxi_etl.py
[2026-04-13T21:12:06.481+0000] {processor.py:830} INFO - Processing file /opt/airflow/dags/nyc_taxi_etl.py for tasks to queue
[2026-04-13T21:12:06.483+0000] {logging_mixin.py:188} INFO - [2026-04-13T21:12:06.483+0000] {dagbag.py:538} INFO - Filling up the DagBag from /opt/airflow/dags/nyc_taxi_etl.py
[2026-04-13T21:12:06.858+0000] {processor.py:840} INFO - DAG(s) 'nyc_taxi_daily_etl' retrieved from /opt/airflow/dags/nyc_taxi_etl.py
[2026-04-13T21:12:06.909+0000] {logging_mixin.py:188} INFO - [2026-04-13T21:12:06.909+0000] {dag.py:3033} INFO - Sync 1 DAGs
[2026-04-13T21:12:06.934+0000] {logging_mixin.py:188} INFO - [2026-04-13T21:12:06.934+0000] {dag.py:3820} INFO - Setting next_dagrun for nyc_taxi_daily_etl to 2026-04-13T02:00:00+00:00, run_after=2026-04-14T02:00:00+00:00
[2026-04-13T21:12:06.950+0000] {processor.py:183} INFO - Processing /opt/airflow/dags/nyc_taxi_etl.py took 0.484 seconds
[2026-04-13T21:12:34.375+0000] {processor.py:161} INFO - Started process (PID=275) to work on /opt/airflow/dags/nyc_taxi_etl.py
[2026-04-13T21:12:34.376+0000] {processor.py:830} INFO - Processing file /opt/airflow/dags/nyc_taxi_etl.py for tasks to queue
[2026-04-13T21:12:34.378+0000] {logging_mixin.py:188} INFO - [2026-04-13T21:12:34.377+0000] {dagbag.py:538} INFO - Filling up the DagBag from /opt/airflow/dags/nyc_taxi_etl.py
[2026-04-13T21:12:34.386+0000] {logging_mixin.py:188} INFO - [2026-04-13T21:12:34.383+0000] {dagbag.py:348} ERROR - Failed to import: /opt/airflow/dags/nyc_taxi_etl.py
Traceback (most recent call last):
  File "/home/airflow/.local/lib/python3.8/site-packages/airflow/models/dagbag.py", line 344, in parse
    loader.exec_module(new_module)
  File "<frozen importlib._bootstrap_external>", line 839, in exec_module
  File "<frozen importlib._bootstrap_external>", line 976, in get_code
  File "<frozen importlib._bootstrap_external>", line 906, in source_to_code
  File "<frozen importlib._bootstrap>", line 219, in _call_with_frames_removed
  File "/opt/airflow/dags/nyc_taxi_etl.py", line 57
    raw_file = context["ti"].xcom_pull(key="raw_file")
    ^
IndentationError: expected an indented block
[2026-04-13T21:12:34.387+0000] {processor.py:842} WARNING - No viable dags retrieved from /opt/airflow/dags/nyc_taxi_etl.py
[2026-04-13T21:12:34.442+0000] {processor.py:183} INFO - Processing /opt/airflow/dags/nyc_taxi_etl.py took 0.074 seconds
[2026-04-13T21:12:43.547+0000] {processor.py:161} INFO - Started process (PID=280) to work on /opt/airflow/dags/nyc_taxi_etl.py
[2026-04-13T21:12:43.551+0000] {processor.py:830} INFO - Processing file /opt/airflow/dags/nyc_taxi_etl.py for tasks to queue
[2026-04-13T21:12:43.558+0000] {logging_mixin.py:188} INFO - [2026-04-13T21:12:43.553+0000] {dagbag.py:538} INFO - Filling up the DagBag from /opt/airflow/dags/nyc_taxi_etl.py
[2026-04-13T21:12:44.002+0000] {processor.py:840} INFO - DAG(s) 'nyc_taxi_daily_etl' retrieved from /opt/airflow/dags/nyc_taxi_etl.py
[2026-04-13T21:12:44.060+0000] {logging_mixin.py:188} INFO - [2026-04-13T21:12:44.059+0000] {dag.py:3033} INFO - Sync 1 DAGs
[2026-04-13T21:12:44.820+0000] {logging_mixin.py:188} INFO - [2026-04-13T21:12:44.818+0000] {dag.py:3820} INFO - Setting next_dagrun for nyc_taxi_daily_etl to 2026-04-13T02:00:00+00:00, run_after=2026-04-14T02:00:00+00:00
[2026-04-13T21:12:44.923+0000] {processor.py:183} INFO - Processing /opt/airflow/dags/nyc_taxi_etl.py took 1.383 seconds
[2026-04-13T21:13:15.933+0000] {processor.py:161} INFO - Started process (PID=317) to work on /opt/airflow/dags/nyc_taxi_etl.py
[2026-04-13T21:13:15.938+0000] {processor.py:830} INFO - Processing file /opt/airflow/dags/nyc_taxi_etl.py for tasks to queue
[2026-04-13T21:13:15.948+0000] {logging_mixin.py:188} INFO - [2026-04-13T21:13:15.947+0000] {dagbag.py:538} INFO - Filling up the DagBag from /opt/airflow/dags/nyc_taxi_etl.py
[2026-04-13T21:13:16.743+0000] {processor.py:840} INFO - DAG(s) 'nyc_taxi_daily_etl' retrieved from /opt/airflow/dags/nyc_taxi_etl.py
[2026-04-13T21:13:16.852+0000] {logging_mixin.py:188} INFO - [2026-04-13T21:13:16.851+0000] {dag.py:3033} INFO - Sync 1 DAGs
[2026-04-13T21:13:16.963+0000] {logging_mixin.py:188} INFO - [2026-04-13T21:13:16.963+0000] {dag.py:3820} INFO - Setting next_dagrun for nyc_taxi_daily_etl to 2026-04-13T02:00:00+00:00, run_after=2026-04-14T02:00:00+00:00
[2026-04-13T21:13:16.991+0000] {processor.py:183} INFO - Processing /opt/airflow/dags/nyc_taxi_etl.py took 1.093 seconds
[2026-04-13T21:13:47.447+0000] {processor.py:161} INFO - Started process (PID=326) to work on /opt/airflow/dags/nyc_taxi_etl.py
[2026-04-13T21:13:47.449+0000] {processor.py:830} INFO - Processing file /opt/airflow/dags/nyc_taxi_etl.py for tasks to queue
[2026-04-13T21:13:47.449+0000] {logging_mixin.py:188} INFO - [2026-04-13T21:13:47.449+0000] {dagbag.py:538} INFO - Filling up the DagBag from /opt/airflow/dags/nyc_taxi_etl.py
[2026-04-13T21:13:47.580+0000] {processor.py:840} INFO - DAG(s) 'nyc_taxi_daily_etl' retrieved from /opt/airflow/dags/nyc_taxi_etl.py
[2026-04-13T21:13:47.594+0000] {logging_mixin.py:188} INFO - [2026-04-13T21:13:47.594+0000] {dag.py:3033} INFO - Sync 1 DAGs
[2026-04-13T21:13:47.606+0000] {logging_mixin.py:188} INFO - [2026-04-13T21:13:47.605+0000] {dag.py:3820} INFO - Setting next_dagrun for nyc_taxi_daily_etl to 2026-04-13T02:00:00+00:00, run_after=2026-04-14T02:00:00+00:00
[2026-04-13T21:13:47.614+0000] {processor.py:183} INFO - Processing /opt/airflow/dags/nyc_taxi_etl.py took 0.170 seconds
[2026-04-13T21:14:17.674+0000] {processor.py:161} INFO - Started process (PID=346) to work on /opt/airflow/dags/nyc_taxi_etl.py
[2026-04-13T21:14:17.675+0000] {processor.py:830} INFO - Processing file /opt/airflow/dags/nyc_taxi_etl.py for tasks to queue
[2026-04-13T21:14:17.676+0000] {logging_mixin.py:188} INFO - [2026-04-13T21:14:17.675+0000] {dagbag.py:538} INFO - Filling up the DagBag from /opt/airflow/dags/nyc_taxi_etl.py
[2026-04-13T21:14:17.877+0000] {processor.py:840} INFO - DAG(s) 'nyc_taxi_daily_etl' retrieved from /opt/airflow/dags/nyc_taxi_etl.py
[2026-04-13T21:14:17.895+0000] {logging_mixin.py:188} INFO - [2026-04-13T21:14:17.894+0000] {dag.py:3033} INFO - Sync 1 DAGs
[2026-04-13T21:14:18.043+0000] {logging_mixin.py:188} INFO - [2026-04-13T21:14:18.043+0000] {dag.py:3820} INFO - Setting next_dagrun for nyc_taxi_daily_etl to 2026-04-13T02:00:00+00:00, run_after=2026-04-14T02:00:00+00:00
[2026-04-13T21:14:18.054+0000] {processor.py:183} INFO - Processing /opt/airflow/dags/nyc_taxi_etl.py took 0.386 seconds
[2026-04-13T21:14:48.225+0000] {processor.py:161} INFO - Started process (PID=352) to work on /opt/airflow/dags/nyc_taxi_etl.py
[2026-04-13T21:14:48.226+0000] {processor.py:830} INFO - Processing file /opt/airflow/dags/nyc_taxi_etl.py for tasks to queue
[2026-04-13T21:14:48.227+0000] {logging_mixin.py:188} INFO - [2026-04-13T21:14:48.227+0000] {dagbag.py:538} INFO - Filling up the DagBag from /opt/airflow/dags/nyc_taxi_etl.py
[2026-04-13T21:14:48.563+0000] {processor.py:840} INFO - DAG(s) 'nyc_taxi_daily_etl' retrieved from /opt/airflow/dags/nyc_taxi_etl.py
[2026-04-13T21:14:48.591+0000] {logging_mixin.py:188} INFO - [2026-04-13T21:14:48.591+0000] {dag.py:3033} INFO - Sync 1 DAGs
[2026-04-13T21:14:48.611+0000] {logging_mixin.py:188} INFO - [2026-04-13T21:14:48.610+0000] {dag.py:3820} INFO - Setting next_dagrun for nyc_taxi_daily_etl to 2026-04-13T02:00:00+00:00, run_after=2026-04-14T02:00:00+00:00
[2026-04-13T21:14:48.622+0000] {processor.py:183} INFO - Processing /opt/airflow/dags/nyc_taxi_etl.py took 0.404 seconds
[2026-04-13T21:15:18.696+0000] {processor.py:161} INFO - Started process (PID=372) to work on /opt/airflow/dags/nyc_taxi_etl.py
[2026-04-13T21:15:18.698+0000] {processor.py:830} INFO - Processing file /opt/airflow/dags/nyc_taxi_etl.py for tasks to queue
[2026-04-13T21:15:18.700+0000] {logging_mixin.py:188} INFO - [2026-04-13T21:15:18.699+0000] {dagbag.py:538} INFO - Filling up the DagBag from /opt/airflow/dags/nyc_taxi_etl.py
[2026-04-13T21:15:18.910+0000] {processor.py:840} INFO - DAG(s) 'nyc_taxi_daily_etl' retrieved from /opt/airflow/dags/nyc_taxi_etl.py
[2026-04-13T21:15:18.934+0000] {logging_mixin.py:188} INFO - [2026-04-13T21:15:18.934+0000] {dag.py:3033} INFO - Sync 1 DAGs
[2026-04-13T21:15:18.950+0000] {logging_mixin.py:188} INFO - [2026-04-13T21:15:18.950+0000] {dag.py:3820} INFO - Setting next_dagrun for nyc_taxi_daily_etl to 2026-04-13T02:00:00+00:00, run_after=2026-04-14T02:00:00+00:00
[2026-04-13T21:15:18.964+0000] {processor.py:183} INFO - Processing /opt/airflow/dags/nyc_taxi_etl.py took 0.278 seconds
[2026-04-13T21:15:49.257+0000] {processor.py:161} INFO - Started process (PID=378) to work on /opt/airflow/dags/nyc_taxi_etl.py
[2026-04-13T21:15:49.260+0000] {processor.py:830} INFO - Processing file /opt/airflow/dags/nyc_taxi_etl.py for tasks to queue
[2026-04-13T21:15:49.261+0000] {logging_mixin.py:188} INFO - [2026-04-13T21:15:49.261+0000] {dagbag.py:538} INFO - Filling up the DagBag from /opt/airflow/dags/nyc_taxi_etl.py
[2026-04-13T21:15:49.527+0000] {processor.py:840} INFO - DAG(s) 'nyc_taxi_daily_etl' retrieved from /opt/airflow/dags/nyc_taxi_etl.py
[2026-04-13T21:15:49.557+0000] {logging_mixin.py:188} INFO - [2026-04-13T21:15:49.556+0000] {dag.py:3033} INFO - Sync 1 DAGs
[2026-04-13T21:15:49.763+0000] {logging_mixin.py:188} INFO - [2026-04-13T21:15:49.763+0000] {dag.py:3820} INFO - Setting next_dagrun for nyc_taxi_daily_etl to 2026-04-13T02:00:00+00:00, run_after=2026-04-14T02:00:00+00:00
[2026-04-13T21:15:49.776+0000] {processor.py:183} INFO - Processing /opt/airflow/dags/nyc_taxi_etl.py took 0.528 seconds
[2026-04-13T21:16:20.240+0000] {processor.py:161} INFO - Started process (PID=398) to work on /opt/airflow/dags/nyc_taxi_etl.py
[2026-04-13T21:16:20.244+0000] {processor.py:830} INFO - Processing file /opt/airflow/dags/nyc_taxi_etl.py for tasks to queue
[2026-04-13T21:16:20.245+0000] {logging_mixin.py:188} INFO - [2026-04-13T21:16:20.245+0000] {dagbag.py:538} INFO - Filling up the DagBag from /opt/airflow/dags/nyc_taxi_etl.py
[2026-04-13T21:16:20.513+0000] {processor.py:840} INFO - DAG(s) 'nyc_taxi_daily_etl' retrieved from /opt/airflow/dags/nyc_taxi_etl.py
[2026-04-13T21:16:20.542+0000] {logging_mixin.py:188} INFO - [2026-04-13T21:16:20.541+0000] {dag.py:3033} INFO - Sync 1 DAGs
[2026-04-13T21:16:20.709+0000] {logging_mixin.py:188} INFO - [2026-04-13T21:16:20.709+0000] {dag.py:3820} INFO - Setting next_dagrun for nyc_taxi_daily_etl to 2026-04-13T02:00:00+00:00, run_after=2026-04-14T02:00:00+00:00
[2026-04-13T21:16:20.717+0000] {processor.py:183} INFO - Processing /opt/airflow/dags/nyc_taxi_etl.py took 0.486 seconds
[2026-04-13T21:16:50.898+0000] {processor.py:161} INFO - Started process (PID=404) to work on /opt/airflow/dags/nyc_taxi_etl.py
[2026-04-13T21:16:50.900+0000] {processor.py:830} INFO - Processing file /opt/airflow/dags/nyc_taxi_etl.py for tasks to queue
[2026-04-13T21:16:50.901+0000] {logging_mixin.py:188} INFO - [2026-04-13T21:16:50.901+0000] {dagbag.py:538} INFO - Filling up the DagBag from /opt/airflow/dags/nyc_taxi_etl.py
[2026-04-13T21:16:51.076+0000] {processor.py:840} INFO - DAG(s) 'nyc_taxi_daily_etl' retrieved from /opt/airflow/dags/nyc_taxi_etl.py
[2026-04-13T21:16:51.094+0000] {logging_mixin.py:188} INFO - [2026-04-13T21:16:51.094+0000] {dag.py:3033} INFO - Sync 1 DAGs
[2026-04-13T21:16:51.111+0000] {logging_mixin.py:188} INFO - [2026-04-13T21:16:51.111+0000] {dag.py:3820} INFO - Setting next_dagrun for nyc_taxi_daily_etl to 2026-04-13T02:00:00+00:00, run_after=2026-04-14T02:00:00+00:00
[2026-04-13T21:16:51.120+0000] {processor.py:183} INFO - Processing /opt/airflow/dags/nyc_taxi_etl.py took 0.230 seconds
[2026-04-13T21:17:21.430+0000] {processor.py:161} INFO - Started process (PID=410) to work on /opt/airflow/dags/nyc_taxi_etl.py
[2026-04-13T21:17:21.431+0000] {processor.py:830} INFO - Processing file /opt/airflow/dags/nyc_taxi_etl.py for tasks to queue
[2026-04-13T21:17:21.433+0000] {logging_mixin.py:188} INFO - [2026-04-13T21:17:21.432+0000] {dagbag.py:538} INFO - Filling up the DagBag from /opt/airflow/dags/nyc_taxi_etl.py
[2026-04-13T21:17:21.925+0000] {processor.py:840} INFO - DAG(s) 'nyc_taxi_daily_etl' retrieved from /opt/airflow/dags/nyc_taxi_etl.py
[2026-04-13T21:17:22.047+0000] {logging_mixin.py:188} INFO - [2026-04-13T21:17:22.045+0000] {dag.py:3033} INFO - Sync 1 DAGs
[2026-04-13T21:17:22.492+0000] {logging_mixin.py:188} INFO - [2026-04-13T21:17:22.492+0000] {dag.py:3820} INFO - Setting next_dagrun for nyc_taxi_daily_etl to 2026-04-13T02:00:00+00:00, run_after=2026-04-14T02:00:00+00:00
[2026-04-13T21:17:22.511+0000] {processor.py:183} INFO - Processing /opt/airflow/dags/nyc_taxi_etl.py took 1.089 seconds
[2026-04-13T21:17:52.815+0000] {processor.py:161} INFO - Started process (PID=467) to work on /opt/airflow/dags/nyc_taxi_etl.py
[2026-04-13T21:17:52.816+0000] {processor.py:830} INFO - Processing file /opt/airflow/dags/nyc_taxi_etl.py for tasks to queue
[2026-04-13T21:17:52.818+0000] {logging_mixin.py:188} INFO - [2026-04-13T21:17:52.817+0000] {dagbag.py:538} INFO - Filling up the DagBag from /opt/airflow/dags/nyc_taxi_etl.py
[2026-04-13T21:17:53.137+0000] {processor.py:840} INFO - DAG(s) 'nyc_taxi_daily_etl' retrieved from /opt/airflow/dags/nyc_taxi_etl.py
[2026-04-13T21:17:53.171+0000] {logging_mixin.py:188} INFO - [2026-04-13T21:17:53.171+0000] {dag.py:3033} INFO - Sync 1 DAGs
[2026-04-13T21:17:53.322+0000] {logging_mixin.py:188} INFO - [2026-04-13T21:17:53.322+0000] {dag.py:3820} INFO - Setting next_dagrun for nyc_taxi_daily_etl to 2026-04-13T02:00:00+00:00, run_after=2026-04-14T02:00:00+00:00
[2026-04-13T21:17:53.331+0000] {processor.py:183} INFO - Processing /opt/airflow/dags/nyc_taxi_etl.py took 0.522 seconds
[2026-04-13T21:18:23.696+0000] {processor.py:161} INFO - Started process (PID=473) to work on /opt/airflow/dags/nyc_taxi_etl.py
[2026-04-13T21:18:23.698+0000] {processor.py:830} INFO - Processing file /opt/airflow/dags/nyc_taxi_etl.py for tasks to queue
[2026-04-13T21:18:23.699+0000] {logging_mixin.py:188} INFO - [2026-04-13T21:18:23.698+0000] {dagbag.py:538} INFO - Filling up the DagBag from /opt/airflow/dags/nyc_taxi_etl.py
[2026-04-13T21:18:23.921+0000] {processor.py:840} INFO - DAG(s) 'nyc_taxi_daily_etl' retrieved from /opt/airflow/dags/nyc_taxi_etl.py
[2026-04-13T21:18:24.107+0000] {logging_mixin.py:188} INFO - [2026-04-13T21:18:24.106+0000] {dag.py:3033} INFO - Sync 1 DAGs
[2026-04-13T21:18:24.118+0000] {logging_mixin.py:188} INFO - [2026-04-13T21:18:24.118+0000] {dag.py:3820} INFO - Setting next_dagrun for nyc_taxi_daily_etl to 2026-04-13T02:00:00+00:00, run_after=2026-04-14T02:00:00+00:00
[2026-04-13T21:18:24.127+0000] {processor.py:183} INFO - Processing /opt/airflow/dags/nyc_taxi_etl.py took 0.441 seconds
[2026-04-13T21:18:54.697+0000] {processor.py:161} INFO - Started process (PID=479) to work on /opt/airflow/dags/nyc_taxi_etl.py
[2026-04-13T21:18:54.700+0000] {processor.py:830} INFO - Processing file /opt/airflow/dags/nyc_taxi_etl.py for tasks to queue
[2026-04-13T21:18:54.701+0000] {logging_mixin.py:188} INFO - [2026-04-13T21:18:54.700+0000] {dagbag.py:538} INFO - Filling up the DagBag from /opt/airflow/dags/nyc_taxi_etl.py
[2026-04-13T21:18:55.037+0000] {processor.py:840} INFO - DAG(s) 'nyc_taxi_daily_etl' retrieved from /opt/airflow/dags/nyc_taxi_etl.py
[2026-04-13T21:18:55.071+0000] {logging_mixin.py:188} INFO - [2026-04-13T21:18:55.071+0000] {dag.py:3033} INFO - Sync 1 DAGs
[2026-04-13T21:18:55.304+0000] {logging_mixin.py:188} INFO - [2026-04-13T21:18:55.304+0000] {dag.py:3820} INFO - Setting next_dagrun for nyc_taxi_daily_etl to 2026-04-13T02:00:00+00:00, run_after=2026-04-14T02:00:00+00:00
[2026-04-13T21:18:55.324+0000] {processor.py:183} INFO - Processing /opt/airflow/dags/nyc_taxi_etl.py took 0.637 seconds
[2026-04-13T21:18:55.712+0000] {processor.py:161} INFO - Started process (PID=485) to work on /opt/airflow/dags/nyc_taxi_etl.py
[2026-04-13T21:18:55.713+0000] {processor.py:830} INFO - Processing file /opt/airflow/dags/nyc_taxi_etl.py for tasks to queue
[2026-04-13T21:18:55.714+0000] {logging_mixin.py:188} INFO - [2026-04-13T21:18:55.714+0000] {dagbag.py:538} INFO - Filling up the DagBag from /opt/airflow/dags/nyc_taxi_etl.py
[2026-04-13T21:18:55.993+0000] {processor.py:840} INFO - DAG(s) 'nyc_taxi_daily_etl' retrieved from /opt/airflow/dags/nyc_taxi_etl.py
[2026-04-13T21:18:56.026+0000] {logging_mixin.py:188} INFO - [2026-04-13T21:18:56.026+0000] {dag.py:3033} INFO - Sync 1 DAGs
[2026-04-13T21:18:56.236+0000] {logging_mixin.py:188} INFO - [2026-04-13T21:18:56.236+0000] {dag.py:3820} INFO - Setting next_dagrun for nyc_taxi_daily_etl to 2026-04-13T02:00:00+00:00, run_after=2026-04-14T02:00:00+00:00
[2026-04-13T21:18:56.256+0000] {processor.py:183} INFO - Processing /opt/airflow/dags/nyc_taxi_etl.py took 0.550 seconds
[2026-04-13T21:18:57.732+0000] {processor.py:161} INFO - Started process (PID=491) to work on /opt/airflow/dags/nyc_taxi_etl.py
[2026-04-13T21:18:57.733+0000] {processor.py:830} INFO - Processing file /opt/airflow/dags/nyc_taxi_etl.py for tasks to queue
[2026-04-13T21:18:57.733+0000] {logging_mixin.py:188} INFO - [2026-04-13T21:18:57.733+0000] {dagbag.py:538} INFO - Filling up the DagBag from /opt/airflow/dags/nyc_taxi_etl.py
[2026-04-13T21:18:58.016+0000] {processor.py:840} INFO - DAG(s) 'nyc_taxi_daily_etl' retrieved from /opt/airflow/dags/nyc_taxi_etl.py
[2026-04-13T21:18:58.044+0000] {logging_mixin.py:188} INFO - [2026-04-13T21:18:58.044+0000] {dag.py:3033} INFO - Sync 1 DAGs
[2026-04-13T21:18:58.209+0000] {logging_mixin.py:188} INFO - [2026-04-13T21:18:58.209+0000] {dag.py:3820} INFO - Setting next_dagrun for nyc_taxi_daily_etl to 2026-04-13T02:00:00+00:00, run_after=2026-04-14T02:00:00+00:00
[2026-04-13T21:18:58.222+0000] {processor.py:183} INFO - Processing /opt/airflow/dags/nyc_taxi_etl.py took 0.493 seconds
[2026-04-13T21:19:28.662+0000] {processor.py:161} INFO - Started process (PID=535) to work on /opt/airflow/dags/nyc_taxi_etl.py
[2026-04-13T21:19:28.667+0000] {processor.py:830} INFO - Processing file /opt/airflow/dags/nyc_taxi_etl.py for tasks to queue
[2026-04-13T21:19:28.671+0000] {logging_mixin.py:188} INFO - [2026-04-13T21:19:28.670+0000] {dagbag.py:538} INFO - Filling up the DagBag from /opt/airflow/dags/nyc_taxi_etl.py
[2026-04-13T21:19:29.070+0000] {processor.py:840} INFO - DAG(s) 'nyc_taxi_daily_etl' retrieved from /opt/airflow/dags/nyc_taxi_etl.py
[2026-04-13T21:19:29.122+0000] {logging_mixin.py:188} INFO - [2026-04-13T21:19:29.122+0000] {dag.py:3033} INFO - Sync 1 DAGs
[2026-04-13T21:19:29.144+0000] {logging_mixin.py:188} INFO - [2026-04-13T21:19:29.144+0000] {dag.py:3820} INFO - Setting next_dagrun for nyc_taxi_daily_etl to 2026-04-13T02:00:00+00:00, run_after=2026-04-14T02:00:00+00:00
[2026-04-13T21:19:29.160+0000] {processor.py:183} INFO - Processing /opt/airflow/dags/nyc_taxi_etl.py took 0.506 seconds
[2026-04-13T21:19:59.459+0000] {processor.py:161} INFO - Started process (PID=541) to work on /opt/airflow/dags/nyc_taxi_etl.py
[2026-04-13T21:19:59.462+0000] {processor.py:830} INFO - Processing file /opt/airflow/dags/nyc_taxi_etl.py for tasks to queue
[2026-04-13T21:19:59.464+0000] {logging_mixin.py:188} INFO - [2026-04-13T21:19:59.464+0000] {dagbag.py:538} INFO - Filling up the DagBag from /opt/airflow/dags/nyc_taxi_etl.py
[2026-04-13T21:19:59.822+0000] {processor.py:840} INFO - DAG(s) 'nyc_taxi_daily_etl' retrieved from /opt/airflow/dags/nyc_taxi_etl.py
[2026-04-13T21:19:59.869+0000] {logging_mixin.py:188} INFO - [2026-04-13T21:19:59.868+0000] {dag.py:3033} INFO - Sync 1 DAGs
[2026-04-13T21:20:00.128+0000] {logging_mixin.py:188} INFO - [2026-04-13T21:20:00.128+0000] {dag.py:3820} INFO - Setting next_dagrun for nyc_taxi_daily_etl to 2026-04-13T02:00:00+00:00, run_after=2026-04-14T02:00:00+00:00
[2026-04-13T21:20:00.158+0000] {processor.py:183} INFO - Processing /opt/airflow/dags/nyc_taxi_etl.py took 0.725 seconds
[2026-04-13T21:20:30.878+0000] {processor.py:161} INFO - Started process (PID=547) to work on /opt/airflow/dags/nyc_taxi_etl.py
[2026-04-13T21:20:30.881+0000] {processor.py:830} INFO - Processing file /opt/airflow/dags/nyc_taxi_etl.py for tasks to queue
[2026-04-13T21:20:30.883+0000] {logging_mixin.py:188} INFO - [2026-04-13T21:20:30.882+0000] {dagbag.py:538} INFO - Filling up the DagBag from /opt/airflow/dags/nyc_taxi_etl.py
[2026-04-13T21:20:31.286+0000] {processor.py:840} INFO - DAG(s) 'nyc_taxi_daily_etl' retrieved from /opt/airflow/dags/nyc_taxi_etl.py
[2026-04-13T21:20:31.336+0000] {logging_mixin.py:188} INFO - [2026-04-13T21:20:31.332+0000] {dag.py:3033} INFO - Sync 1 DAGs
[2026-04-13T21:20:31.535+0000] {logging_mixin.py:188} INFO - [2026-04-13T21:20:31.535+0000] {dag.py:3820} INFO - Setting next_dagrun for nyc_taxi_daily_etl to 2026-04-13T02:00:00+00:00, run_after=2026-04-14T02:00:00+00:00
[2026-04-13T21:20:31.545+0000] {processor.py:183} INFO - Processing /opt/airflow/dags/nyc_taxi_etl.py took 0.681 seconds
[2026-04-13T21:21:01.975+0000] {processor.py:161} INFO - Started process (PID=553) to work on /opt/airflow/dags/nyc_taxi_etl.py
[2026-04-13T21:21:01.977+0000] {processor.py:830} INFO - Processing file /opt/airflow/dags/nyc_taxi_etl.py for tasks to queue
[2026-04-13T21:21:01.978+0000] {logging_mixin.py:188} INFO - [2026-04-13T21:21:01.978+0000] {dagbag.py:538} INFO - Filling up the DagBag from /opt/airflow/dags/nyc_taxi_etl.py
[2026-04-13T21:21:02.245+0000] {processor.py:840} INFO - DAG(s) 'nyc_taxi_daily_etl' retrieved from /opt/airflow/dags/nyc_taxi_etl.py
[2026-04-13T21:21:02.272+0000] {logging_mixin.py:188} INFO - [2026-04-13T21:21:02.271+0000] {dag.py:3033} INFO - Sync 1 DAGs
[2026-04-13T21:21:02.288+0000] {logging_mixin.py:188} INFO - [2026-04-13T21:21:02.288+0000] {dag.py:3820} INFO - Setting next_dagrun for nyc_taxi_daily_etl to 2026-04-13T02:00:00+00:00, run_after=2026-04-14T02:00:00+00:00
[2026-04-13T21:21:02.299+0000] {processor.py:183} INFO - Processing /opt/airflow/dags/nyc_taxi_etl.py took 0.336 seconds
[2026-04-13T21:21:32.414+0000] {processor.py:161} INFO - Started process (PID=559) to work on /opt/airflow/dags/nyc_taxi_etl.py
[2026-04-13T21:21:32.416+0000] {processor.py:830} INFO - Processing file /opt/airflow/dags/nyc_taxi_etl.py for tasks to queue
[2026-04-13T21:21:32.418+0000] {logging_mixin.py:188} INFO - [2026-04-13T21:21:32.417+0000] {dagbag.py:538} INFO - Filling up the DagBag from /opt/airflow/dags/nyc_taxi_etl.py
[2026-04-13T21:21:32.639+0000] {processor.py:840} INFO - DAG(s) 'nyc_taxi_daily_etl' retrieved from /opt/airflow/dags/nyc_taxi_etl.py
[2026-04-13T21:21:32.667+0000] {logging_mixin.py:188} INFO - [2026-04-13T21:21:32.667+0000] {dag.py:3033} INFO - Sync 1 DAGs
[2026-04-13T21:21:32.821+0000] {logging_mixin.py:188} INFO - [2026-04-13T21:21:32.821+0000] {dag.py:3820} INFO - Setting next_dagrun for nyc_taxi_daily_etl to 2026-04-13T02:00:00+00:00, run_after=2026-04-14T02:00:00+00:00
[2026-04-13T21:21:32.831+0000] {processor.py:183} INFO - Processing /opt/airflow/dags/nyc_taxi_etl.py took 0.427 seconds
[2026-04-13T21:22:03.145+0000] {processor.py:161} INFO - Started process (PID=565) to work on /opt/airflow/dags/nyc_taxi_etl.py
[2026-04-13T21:22:03.146+0000] {processor.py:830} INFO - Processing file /opt/airflow/dags/nyc_taxi_etl.py for tasks to queue
[2026-04-13T21:22:03.148+0000] {logging_mixin.py:188} INFO - [2026-04-13T21:22:03.147+0000] {dagbag.py:538} INFO - Filling up the DagBag from /opt/airflow/dags/nyc_taxi_etl.py
[2026-04-13T21:22:03.370+0000] {processor.py:840} INFO - DAG(s) 'nyc_taxi_daily_etl' retrieved from /opt/airflow/dags/nyc_taxi_etl.py
[2026-04-13T21:22:03.405+0000] {logging_mixin.py:188} INFO - [2026-04-13T21:22:03.405+0000] {dag.py:3033} INFO - Sync 1 DAGs
[2026-04-13T21:22:03.569+0000] {logging_mixin.py:188} INFO - [2026-04-13T21:22:03.569+0000] {dag.py:3820} INFO - Setting next_dagrun for nyc_taxi_daily_etl to 2026-04-13T02:00:00+00:00, run_after=2026-04-14T02:00:00+00:00
[2026-04-13T21:22:03.579+0000] {processor.py:183} INFO - Processing /opt/airflow/dags/nyc_taxi_etl.py took 0.443 seconds
[2026-04-13T21:22:34.078+0000] {processor.py:161} INFO - Started process (PID=571) to work on /opt/airflow/dags/nyc_taxi_etl.py
[2026-04-13T21:22:34.081+0000] {processor.py:830} INFO - Processing file /opt/airflow/dags/nyc_taxi_etl.py for tasks to queue
[2026-04-13T21:22:34.082+0000] {logging_mixin.py:188} INFO - [2026-04-13T21:22:34.082+0000] {dagbag.py:538} INFO - Filling up the DagBag from /opt/airflow/dags/nyc_taxi_etl.py
[2026-04-13T21:22:34.299+0000] {processor.py:840} INFO - DAG(s) 'nyc_taxi_daily_etl' retrieved from /opt/airflow/dags/nyc_taxi_etl.py
[2026-04-13T21:22:34.326+0000] {logging_mixin.py:188} INFO - [2026-04-13T21:22:34.326+0000] {dag.py:3033} INFO - Sync 1 DAGs
[2026-04-13T21:22:34.347+0000] {logging_mixin.py:188} INFO - [2026-04-13T21:22:34.346+0000] {dag.py:3820} INFO - Setting next_dagrun for nyc_taxi_daily_etl to 2026-04-13T02:00:00+00:00, run_after=2026-04-14T02:00:00+00:00
[2026-04-13T21:22:34.355+0000] {processor.py:183} INFO - Processing /opt/airflow/dags/nyc_taxi_etl.py took 0.289 seconds
[2026-04-13T21:23:04.484+0000] {processor.py:161} INFO - Started process (PID=577) to work on /opt/airflow/dags/nyc_taxi_etl.py
[2026-04-13T21:23:04.486+0000] {processor.py:830} INFO - Processing file /opt/airflow/dags/nyc_taxi_etl.py for tasks to queue
[2026-04-13T21:23:04.487+0000] {logging_mixin.py:188} INFO - [2026-04-13T21:23:04.486+0000] {dagbag.py:538} INFO - Filling up the DagBag from /opt/airflow/dags/nyc_taxi_etl.py
[2026-04-13T21:23:04.754+0000] {processor.py:840} INFO - DAG(s) 'nyc_taxi_daily_etl' retrieved from /opt/airflow/dags/nyc_taxi_etl.py
[2026-04-13T21:23:04.782+0000] {logging_mixin.py:188} INFO - [2026-04-13T21:23:04.781+0000] {dag.py:3033} INFO - Sync 1 DAGs
[2026-04-13T21:23:04.961+0000] {logging_mixin.py:188} INFO - [2026-04-13T21:23:04.961+0000] {dag.py:3820} INFO - Setting next_dagrun for nyc_taxi_daily_etl to 2026-04-13T02:00:00+00:00, run_after=2026-04-14T02:00:00+00:00
[2026-04-13T21:23:04.970+0000] {processor.py:183} INFO - Processing /opt/airflow/dags/nyc_taxi_etl.py took 0.501 seconds
[2026-04-13T21:23:35.329+0000] {processor.py:161} INFO - Started process (PID=583) to work on /opt/airflow/dags/nyc_taxi_etl.py
[2026-04-13T21:23:35.332+0000] {processor.py:830} INFO - Processing file /opt/airflow/dags/nyc_taxi_etl.py for tasks to queue
[2026-04-13T21:23:35.333+0000] {logging_mixin.py:188} INFO - [2026-04-13T21:23:35.333+0000] {dagbag.py:538} INFO - Filling up the DagBag from /opt/airflow/dags/nyc_taxi_etl.py
[2026-04-13T21:23:35.592+0000] {processor.py:840} INFO - DAG(s) 'nyc_taxi_daily_etl' retrieved from /opt/airflow/dags/nyc_taxi_etl.py
[2026-04-13T21:23:35.618+0000] {logging_mixin.py:188} INFO - [2026-04-13T21:23:35.618+0000] {dag.py:3033} INFO - Sync 1 DAGs
[2026-04-13T21:23:35.796+0000] {logging_mixin.py:188} INFO - [2026-04-13T21:23:35.796+0000] {dag.py:3820} INFO - Setting next_dagrun for nyc_taxi_daily_etl to 2026-04-13T02:00:00+00:00, run_after=2026-04-14T02:00:00+00:00
[2026-04-13T21:23:35.809+0000] {processor.py:183} INFO - Processing /opt/airflow/dags/nyc_taxi_etl.py took 0.490 seconds
[2026-04-13T21:24:06.119+0000] {processor.py:161} INFO - Started process (PID=589) to work on /opt/airflow/dags/nyc_taxi_etl.py
[2026-04-13T21:24:06.125+0000] {processor.py:830} INFO - Processing file /opt/airflow/dags/nyc_taxi_etl.py for tasks to queue
[2026-04-13T21:24:06.126+0000] {logging_mixin.py:188} INFO - [2026-04-13T21:24:06.126+0000] {dagbag.py:538} INFO - Filling up the DagBag from /opt/airflow/dags/nyc_taxi_etl.py
[2026-04-13T21:24:06.341+0000] {processor.py:840} INFO - DAG(s) 'nyc_taxi_daily_etl' retrieved from /opt/airflow/dags/nyc_taxi_etl.py
[2026-04-13T21:24:06.365+0000] {logging_mixin.py:188} INFO - [2026-04-13T21:24:06.364+0000] {dag.py:3033} INFO - Sync 1 DAGs
[2026-04-13T21:24:06.380+0000] {logging_mixin.py:188} INFO - [2026-04-13T21:24:06.380+0000] {dag.py:3820} INFO - Setting next_dagrun for nyc_taxi_daily_etl to 2026-04-13T02:00:00+00:00, run_after=2026-04-14T02:00:00+00:00
[2026-04-13T21:24:06.391+0000] {processor.py:183} INFO - Processing /opt/airflow/dags/nyc_taxi_etl.py took 0.281 seconds
[2026-04-13T21:24:36.440+0000] {processor.py:161} INFO - Started process (PID=595) to work on /opt/airflow/dags/nyc_taxi_etl.py
[2026-04-13T21:24:36.445+0000] {processor.py:830} INFO - Processing file /opt/airflow/dags/nyc_taxi_etl.py for tasks to queue
[2026-04-13T21:24:36.447+0000] {logging_mixin.py:188} INFO - [2026-04-13T21:24:36.447+0000] {dagbag.py:538} INFO - Filling up the DagBag from /opt/airflow/dags/nyc_taxi_etl.py
[2026-04-13T21:24:36.701+0000] {processor.py:840} INFO - DAG(s) 'nyc_taxi_daily_etl' retrieved from /opt/airflow/dags/nyc_taxi_etl.py
[2026-04-13T21:24:36.727+0000] {logging_mixin.py:188} INFO - [2026-04-13T21:24:36.727+0000] {dag.py:3033} INFO - Sync 1 DAGs
[2026-04-13T21:24:36.906+0000] {logging_mixin.py:188} INFO - [2026-04-13T21:24:36.906+0000] {dag.py:3820} INFO - Setting next_dagrun for nyc_taxi_daily_etl to 2026-04-13T02:00:00+00:00, run_after=2026-04-14T02:00:00+00:00
[2026-04-13T21:24:36.916+0000] {processor.py:183} INFO - Processing /opt/airflow/dags/nyc_taxi_etl.py took 0.481 seconds
[2026-04-13T21:25:07.038+0000] {processor.py:161} INFO - Started process (PID=601) to work on /opt/airflow/dags/nyc_taxi_etl.py
[2026-04-13T21:25:07.040+0000] {processor.py:830} INFO - Processing file /opt/airflow/dags/nyc_taxi_etl.py for tasks to queue
[2026-04-13T21:25:07.041+0000] {logging_mixin.py:188} INFO - [2026-04-13T21:25:07.041+0000] {dagbag.py:538} INFO - Filling up the DagBag from /opt/airflow/dags/nyc_taxi_etl.py
[2026-04-13T21:25:07.279+0000] {processor.py:840} INFO - DAG(s) 'nyc_taxi_daily_etl' retrieved from /opt/airflow/dags/nyc_taxi_etl.py
[2026-04-13T21:25:07.315+0000] {logging_mixin.py:188} INFO - [2026-04-13T21:25:07.315+0000] {dag.py:3033} INFO - Sync 1 DAGs
[2026-04-13T21:25:07.470+0000] {logging_mixin.py:188} INFO - [2026-04-13T21:25:07.469+0000] {dag.py:3820} INFO - Setting next_dagrun for nyc_taxi_daily_etl to 2026-04-13T02:00:00+00:00, run_after=2026-04-14T02:00:00+00:00
[2026-04-13T21:25:07.478+0000] {processor.py:183} INFO - Processing /opt/airflow/dags/nyc_taxi_etl.py took 0.450 seconds
[2026-04-13T21:25:37.644+0000] {processor.py:161} INFO - Started process (PID=607) to work on /opt/airflow/dags/nyc_taxi_etl.py
[2026-04-13T21:25:37.646+0000] {processor.py:830} INFO - Processing file /opt/airflow/dags/nyc_taxi_etl.py for tasks to queue
[2026-04-13T21:25:37.648+0000] {logging_mixin.py:188} INFO - [2026-04-13T21:25:37.647+0000] {dagbag.py:538} INFO - Filling up the DagBag from /opt/airflow/dags/nyc_taxi_etl.py
[2026-04-13T21:25:37.875+0000] {processor.py:840} INFO - DAG(s) 'nyc_taxi_daily_etl' retrieved from /opt/airflow/dags/nyc_taxi_etl.py
[2026-04-13T21:25:37.900+0000] {logging_mixin.py:188} INFO - [2026-04-13T21:25:37.899+0000] {dag.py:3033} INFO - Sync 1 DAGs
[2026-04-13T21:25:37.917+0000] {logging_mixin.py:188} INFO - [2026-04-13T21:25:37.917+0000] {dag.py:3820} INFO - Setting next_dagrun for nyc_taxi_daily_etl to 2026-04-13T02:00:00+00:00, run_after=2026-04-14T02:00:00+00:00
[2026-04-13T21:25:37.927+0000] {processor.py:183} INFO - Processing /opt/airflow/dags/nyc_taxi_etl.py took 0.290 seconds
[2026-04-13T21:26:08.161+0000] {processor.py:161} INFO - Started process (PID=613) to work on /opt/airflow/dags/nyc_taxi_etl.py
[2026-04-13T21:26:08.162+0000] {processor.py:830} INFO - Processing file /opt/airflow/dags/nyc_taxi_etl.py for tasks to queue
[2026-04-13T21:26:08.164+0000] {logging_mixin.py:188} INFO - [2026-04-13T21:26:08.163+0000] {dagbag.py:538} INFO - Filling up the DagBag from /opt/airflow/dags/nyc_taxi_etl.py
[2026-04-13T21:26:08.400+0000] {processor.py:840} INFO - DAG(s) 'nyc_taxi_daily_etl' retrieved from /opt/airflow/dags/nyc_taxi_etl.py
[2026-04-13T21:26:08.448+0000] {logging_mixin.py:188} INFO - [2026-04-13T21:26:08.448+0000] {dag.py:3033} INFO - Sync 1 DAGs
[2026-04-13T21:26:08.604+0000] {logging_mixin.py:188} INFO - [2026-04-13T21:26:08.604+0000] {dag.py:3820} INFO - Setting next_dagrun for nyc_taxi_daily_etl to 2026-04-13T02:00:00+00:00, run_after=2026-04-14T02:00:00+00:00
[2026-04-13T21:26:08.615+0000] {processor.py:183} INFO - Processing /opt/airflow/dags/nyc_taxi_etl.py took 0.464 seconds
[2026-04-13T21:26:38.936+0000] {processor.py:161} INFO - Started process (PID=619) to work on /opt/airflow/dags/nyc_taxi_etl.py
[2026-04-13T21:26:38.942+0000] {processor.py:830} INFO - Processing file /opt/airflow/dags/nyc_taxi_etl.py for tasks to queue
[2026-04-13T21:26:38.943+0000] {logging_mixin.py:188} INFO - [2026-04-13T21:26:38.943+0000] {dagbag.py:538} INFO - Filling up the DagBag from /opt/airflow/dags/nyc_taxi_etl.py
[2026-04-13T21:26:39.212+0000] {processor.py:840} INFO - DAG(s) 'nyc_taxi_daily_etl' retrieved from /opt/airflow/dags/nyc_taxi_etl.py
[2026-04-13T21:26:39.244+0000] {logging_mixin.py:188} INFO - [2026-04-13T21:26:39.243+0000] {dag.py:3033} INFO - Sync 1 DAGs
[2026-04-13T21:26:39.404+0000] {logging_mixin.py:188} INFO - [2026-04-13T21:26:39.404+0000] {dag.py:3820} INFO - Setting next_dagrun for nyc_taxi_daily_etl to 2026-04-13T02:00:00+00:00, run_after=2026-04-14T02:00:00+00:00
[2026-04-13T21:26:39.413+0000] {processor.py:183} INFO - Processing /opt/airflow/dags/nyc_taxi_etl.py took 0.485 seconds
[2026-04-13T21:27:09.745+0000] {processor.py:161} INFO - Started process (PID=625) to work on /opt/airflow/dags/nyc_taxi_etl.py
[2026-04-13T21:27:09.749+0000] {processor.py:830} INFO - Processing file /opt/airflow/dags/nyc_taxi_etl.py for tasks to queue
[2026-04-13T21:27:09.751+0000] {logging_mixin.py:188} INFO - [2026-04-13T21:27:09.750+0000] {dagbag.py:538} INFO - Filling up the DagBag from /opt/airflow/dags/nyc_taxi_etl.py
[2026-04-13T21:27:09.971+0000] {processor.py:840} INFO - DAG(s) 'nyc_taxi_daily_etl' retrieved from /opt/airflow/dags/nyc_taxi_etl.py
[2026-04-13T21:27:09.997+0000] {logging_mixin.py:188} INFO - [2026-04-13T21:27:09.997+0000] {dag.py:3033} INFO - Sync 1 DAGs
[2026-04-13T21:27:10.014+0000] {logging_mixin.py:188} INFO - [2026-04-13T21:27:10.014+0000] {dag.py:3820} INFO - Setting next_dagrun for nyc_taxi_daily_etl to 2026-04-13T02:00:00+00:00, run_after=2026-04-14T02:00:00+00:00
[2026-04-13T21:27:10.023+0000] {processor.py:183} INFO - Processing /opt/airflow/dags/nyc_taxi_etl.py took 0.286 seconds
[2026-04-13T21:27:40.357+0000] {processor.py:161} INFO - Started process (PID=631) to work on /opt/airflow/dags/nyc_taxi_etl.py
[2026-04-13T21:27:40.359+0000] {processor.py:830} INFO - Processing file /opt/airflow/dags/nyc_taxi_etl.py for tasks to queue
[2026-04-13T21:27:40.361+0000] {logging_mixin.py:188} INFO - [2026-04-13T21:27:40.360+0000] {dagbag.py:538} INFO - Filling up the DagBag from /opt/airflow/dags/nyc_taxi_etl.py
[2026-04-13T21:27:40.578+0000] {processor.py:840} INFO - DAG(s) 'nyc_taxi_daily_etl' retrieved from /opt/airflow/dags/nyc_taxi_etl.py
[2026-04-13T21:27:40.601+0000] {logging_mixin.py:188} INFO - [2026-04-13T21:27:40.600+0000] {dag.py:3033} INFO - Sync 1 DAGs
[2026-04-13T21:27:40.739+0000] {logging_mixin.py:188} INFO - [2026-04-13T21:27:40.739+0000] {dag.py:3820} INFO - Setting next_dagrun for nyc_taxi_daily_etl to 2026-04-13T02:00:00+00:00, run_after=2026-04-14T02:00:00+00:00
[2026-04-13T21:27:40.747+0000] {processor.py:183} INFO - Processing /opt/airflow/dags/nyc_taxi_etl.py took 0.401 seconds
[2026-04-13T21:28:11.040+0000] {processor.py:161} INFO - Started process (PID=637) to work on /opt/airflow/dags/nyc_taxi_etl.py
[2026-04-13T21:28:11.043+0000] {processor.py:830} INFO - Processing file /opt/airflow/dags/nyc_taxi_etl.py for tasks to queue
[2026-04-13T21:28:11.048+0000] {logging_mixin.py:188} INFO - [2026-04-13T21:28:11.046+0000] {dagbag.py:538} INFO - Filling up the DagBag from /opt/airflow/dags/nyc_taxi_etl.py
[2026-04-13T21:28:11.280+0000] {processor.py:840} INFO - DAG(s) 'nyc_taxi_daily_etl' retrieved from /opt/airflow/dags/nyc_taxi_etl.py
[2026-04-13T21:28:11.306+0000] {logging_mixin.py:188} INFO - [2026-04-13T21:28:11.306+0000] {dag.py:3033} INFO - Sync 1 DAGs
[2026-04-13T21:28:11.465+0000] {logging_mixin.py:188} INFO - [2026-04-13T21:28:11.465+0000] {dag.py:3820} INFO - Setting next_dagrun for nyc_taxi_daily_etl to 2026-04-13T02:00:00+00:00, run_after=2026-04-14T02:00:00+00:00
[2026-04-13T21:28:11.476+0000] {processor.py:183} INFO - Processing /opt/airflow/dags/nyc_taxi_etl.py took 0.442 seconds
[2026-04-13T21:28:41.808+0000] {processor.py:161} INFO - Started process (PID=643) to work on /opt/airflow/dags/nyc_taxi_etl.py
[2026-04-13T21:28:41.809+0000] {processor.py:830} INFO - Processing file /opt/airflow/dags/nyc_taxi_etl.py for tasks to queue
[2026-04-13T21:28:41.810+0000] {logging_mixin.py:188} INFO - [2026-04-13T21:28:41.810+0000] {dagbag.py:538} INFO - Filling up the DagBag from /opt/airflow/dags/nyc_taxi_etl.py
[2026-04-13T21:28:42.112+0000] {processor.py:840} INFO - DAG(s) 'nyc_taxi_daily_etl' retrieved from /opt/airflow/dags/nyc_taxi_etl.py
[2026-04-13T21:28:42.126+0000] {logging_mixin.py:188} INFO - [2026-04-13T21:28:42.126+0000] {dag.py:3033} INFO - Sync 1 DAGs
[2026-04-13T21:28:42.136+0000] {logging_mixin.py:188} INFO - [2026-04-13T21:28:42.136+0000] {dag.py:3820} INFO - Setting next_dagrun for nyc_taxi_daily_etl to 2026-04-13T02:00:00+00:00, run_after=2026-04-14T02:00:00+00:00
[2026-04-13T21:28:42.145+0000] {processor.py:183} INFO - Processing /opt/airflow/dags/nyc_taxi_etl.py took 0.343 seconds
[2026-04-13T21:29:12.479+0000] {processor.py:161} INFO - Started process (PID=649) to work on /opt/airflow/dags/nyc_taxi_etl.py
[2026-04-13T21:29:12.480+0000] {processor.py:830} INFO - Processing file /opt/airflow/dags/nyc_taxi_etl.py for tasks to queue
[2026-04-13T21:29:12.481+0000] {logging_mixin.py:188} INFO - [2026-04-13T21:29:12.481+0000] {dagbag.py:538} INFO - Filling up the DagBag from /opt/airflow/dags/nyc_taxi_etl.py
[2026-04-13T21:29:12.685+0000] {processor.py:840} INFO - DAG(s) 'nyc_taxi_daily_etl' retrieved from /opt/airflow/dags/nyc_taxi_etl.py
[2026-04-13T21:29:12.711+0000] {logging_mixin.py:188} INFO - [2026-04-13T21:29:12.711+0000] {dag.py:3033} INFO - Sync 1 DAGs
[2026-04-13T21:29:12.870+0000] {logging_mixin.py:188} INFO - [2026-04-13T21:29:12.869+0000] {dag.py:3820} INFO - Setting next_dagrun for nyc_taxi_daily_etl to 2026-04-13T02:00:00+00:00, run_after=2026-04-14T02:00:00+00:00
[2026-04-13T21:29:12.881+0000] {processor.py:183} INFO - Processing /opt/airflow/dags/nyc_taxi_etl.py took 0.412 seconds
[2026-04-13T21:29:43.273+0000] {processor.py:161} INFO - Started process (PID=655) to work on /opt/airflow/dags/nyc_taxi_etl.py
[2026-04-13T21:29:43.276+0000] {processor.py:830} INFO - Processing file /opt/airflow/dags/nyc_taxi_etl.py for tasks to queue
[2026-04-13T21:29:43.278+0000] {logging_mixin.py:188} INFO - [2026-04-13T21:29:43.278+0000] {dagbag.py:538} INFO - Filling up the DagBag from /opt/airflow/dags/nyc_taxi_etl.py
[2026-04-13T21:29:43.476+0000] {processor.py:840} INFO - DAG(s) 'nyc_taxi_daily_etl' retrieved from /opt/airflow/dags/nyc_taxi_etl.py
[2026-04-13T21:29:43.502+0000] {logging_mixin.py:188} INFO - [2026-04-13T21:29:43.502+0000] {dag.py:3033} INFO - Sync 1 DAGs
[2026-04-13T21:29:43.637+0000] {logging_mixin.py:188} INFO - [2026-04-13T21:29:43.637+0000] {dag.py:3820} INFO - Setting next_dagrun for nyc_taxi_daily_etl to 2026-04-13T02:00:00+00:00, run_after=2026-04-14T02:00:00+00:00
[2026-04-13T21:29:43.645+0000] {processor.py:183} INFO - Processing /opt/airflow/dags/nyc_taxi_etl.py took 0.376 seconds
[2026-04-13T21:30:13.769+0000] {processor.py:161} INFO - Started process (PID=661) to work on /opt/airflow/dags/nyc_taxi_etl.py
[2026-04-13T21:30:13.771+0000] {processor.py:830} INFO - Processing file /opt/airflow/dags/nyc_taxi_etl.py for tasks to queue
[2026-04-13T21:30:13.773+0000] {logging_mixin.py:188} INFO - [2026-04-13T21:30:13.772+0000] {dagbag.py:538} INFO - Filling up the DagBag from /opt/airflow/dags/nyc_taxi_etl.py
[2026-04-13T21:30:14.164+0000] {processor.py:840} INFO - DAG(s) 'nyc_taxi_daily_etl' retrieved from /opt/airflow/dags/nyc_taxi_etl.py
[2026-04-13T21:30:14.182+0000] {logging_mixin.py:188} INFO - [2026-04-13T21:30:14.182+0000] {dag.py:3033} INFO - Sync 1 DAGs
[2026-04-13T21:30:14.194+0000] {logging_mixin.py:188} INFO - [2026-04-13T21:30:14.194+0000] {dag.py:3820} INFO - Setting next_dagrun for nyc_taxi_daily_etl to 2026-04-13T02:00:00+00:00, run_after=2026-04-14T02:00:00+00:00
[2026-04-13T21:30:14.202+0000] {processor.py:183} INFO - Processing /opt/airflow/dags/nyc_taxi_etl.py took 0.447 seconds
[2026-04-13T21:30:44.264+0000] {processor.py:161} INFO - Started process (PID=667) to work on /opt/airflow/dags/nyc_taxi_etl.py
[2026-04-13T21:30:44.266+0000] {processor.py:830} INFO - Processing file /opt/airflow/dags/nyc_taxi_etl.py for tasks to queue
[2026-04-13T21:30:44.267+0000] {logging_mixin.py:188} INFO - [2026-04-13T21:30:44.267+0000] {dagbag.py:538} INFO - Filling up the DagBag from /opt/airflow/dags/nyc_taxi_etl.py
[2026-04-13T21:30:44.507+0000] {processor.py:840} INFO - DAG(s) 'nyc_taxi_daily_etl' retrieved from /opt/airflow/dags/nyc_taxi_etl.py
[2026-04-13T21:30:44.545+0000] {logging_mixin.py:188} INFO - [2026-04-13T21:30:44.545+0000] {dag.py:3033} INFO - Sync 1 DAGs
[2026-04-13T21:30:44.780+0000] {logging_mixin.py:188} INFO - [2026-04-13T21:30:44.779+0000] {dag.py:3820} INFO - Setting next_dagrun for nyc_taxi_daily_etl to 2026-04-13T02:00:00+00:00, run_after=2026-04-14T02:00:00+00:00
[2026-04-13T21:30:44.791+0000] {processor.py:183} INFO - Processing /opt/airflow/dags/nyc_taxi_etl.py took 0.530 seconds
[2026-04-13T21:31:15.061+0000] {processor.py:161} INFO - Started process (PID=673) to work on /opt/airflow/dags/nyc_taxi_etl.py
[2026-04-13T21:31:15.068+0000] {processor.py:830} INFO - Processing file /opt/airflow/dags/nyc_taxi_etl.py for tasks to queue
[2026-04-13T21:31:15.072+0000] {logging_mixin.py:188} INFO - [2026-04-13T21:31:15.071+0000] {dagbag.py:538} INFO - Filling up the DagBag from /opt/airflow/dags/nyc_taxi_etl.py
[2026-04-13T21:31:15.325+0000] {processor.py:840} INFO - DAG(s) 'nyc_taxi_daily_etl' retrieved from /opt/airflow/dags/nyc_taxi_etl.py
[2026-04-13T21:31:15.364+0000] {logging_mixin.py:188} INFO - [2026-04-13T21:31:15.364+0000] {dag.py:3033} INFO - Sync 1 DAGs
[2026-04-13T21:31:15.559+0000] {logging_mixin.py:188} INFO - [2026-04-13T21:31:15.559+0000] {dag.py:3820} INFO - Setting next_dagrun for nyc_taxi_daily_etl to 2026-04-13T02:00:00+00:00, run_after=2026-04-14T02:00:00+00:00
[2026-04-13T21:31:15.568+0000] {processor.py:183} INFO - Processing /opt/airflow/dags/nyc_taxi_etl.py took 0.520 seconds
[2026-04-13T21:31:45.949+0000] {processor.py:161} INFO - Started process (PID=679) to work on /opt/airflow/dags/nyc_taxi_etl.py
[2026-04-13T21:31:45.950+0000] {processor.py:830} INFO - Processing file /opt/airflow/dags/nyc_taxi_etl.py for tasks to queue
[2026-04-13T21:31:45.951+0000] {logging_mixin.py:188} INFO - [2026-04-13T21:31:45.951+0000] {dagbag.py:538} INFO - Filling up the DagBag from /opt/airflow/dags/nyc_taxi_etl.py
[2026-04-13T21:31:46.342+0000] {processor.py:840} INFO - DAG(s) 'nyc_taxi_daily_etl' retrieved from /opt/airflow/dags/nyc_taxi_etl.py
[2026-04-13T21:31:46.362+0000] {logging_mixin.py:188} INFO - [2026-04-13T21:31:46.362+0000] {dag.py:3033} INFO - Sync 1 DAGs
[2026-04-13T21:31:46.376+0000] {logging_mixin.py:188} INFO - [2026-04-13T21:31:46.376+0000] {dag.py:3820} INFO - Setting next_dagrun for nyc_taxi_daily_etl to 2026-04-13T02:00:00+00:00, run_after=2026-04-14T02:00:00+00:00
[2026-04-13T21:31:46.388+0000] {processor.py:183} INFO - Processing /opt/airflow/dags/nyc_taxi_etl.py took 0.449 seconds
[2026-04-13T21:32:16.683+0000] {processor.py:161} INFO - Started process (PID=685) to work on /opt/airflow/dags/nyc_taxi_etl.py
[2026-04-13T21:32:16.685+0000] {processor.py:830} INFO - Processing file /opt/airflow/dags/nyc_taxi_etl.py for tasks to queue
[2026-04-13T21:32:16.686+0000] {logging_mixin.py:188} INFO - [2026-04-13T21:32:16.685+0000] {dagbag.py:538} INFO - Filling up the DagBag from /opt/airflow/dags/nyc_taxi_etl.py
[2026-04-13T21:32:16.892+0000] {processor.py:840} INFO - DAG(s) 'nyc_taxi_daily_etl' retrieved from /opt/airflow/dags/nyc_taxi_etl.py
[2026-04-13T21:32:16.919+0000] {logging_mixin.py:188} INFO - [2026-04-13T21:32:16.919+0000] {dag.py:3033} INFO - Sync 1 DAGs
[2026-04-13T21:32:17.090+0000] {logging_mixin.py:188} INFO - [2026-04-13T21:32:17.089+0000] {dag.py:3820} INFO - Setting next_dagrun for nyc_taxi_daily_etl to 2026-04-13T02:00:00+00:00, run_after=2026-04-14T02:00:00+00:00
[2026-04-13T21:32:17.100+0000] {processor.py:183} INFO - Processing /opt/airflow/dags/nyc_taxi_etl.py took 0.424 seconds
[2026-04-13T21:32:47.465+0000] {processor.py:161} INFO - Started process (PID=691) to work on /opt/airflow/dags/nyc_taxi_etl.py
[2026-04-13T21:32:47.467+0000] {processor.py:830} INFO - Processing file /opt/airflow/dags/nyc_taxi_etl.py for tasks to queue
[2026-04-13T21:32:47.468+0000] {logging_mixin.py:188} INFO - [2026-04-13T21:32:47.468+0000] {dagbag.py:538} INFO - Filling up the DagBag from /opt/airflow/dags/nyc_taxi_etl.py
[2026-04-13T21:32:47.699+0000] {processor.py:840} INFO - DAG(s) 'nyc_taxi_daily_etl' retrieved from /opt/airflow/dags/nyc_taxi_etl.py
[2026-04-13T21:32:47.727+0000] {logging_mixin.py:188} INFO - [2026-04-13T21:32:47.727+0000] {dag.py:3033} INFO - Sync 1 DAGs
[2026-04-13T21:32:47.886+0000] {logging_mixin.py:188} INFO - [2026-04-13T21:32:47.885+0000] {dag.py:3820} INFO - Setting next_dagrun for nyc_taxi_daily_etl to 2026-04-13T02:00:00+00:00, run_after=2026-04-14T02:00:00+00:00
[2026-04-13T21:32:47.894+0000] {processor.py:183} INFO - Processing /opt/airflow/dags/nyc_taxi_etl.py took 0.435 seconds
[2026-04-13T21:33:18.271+0000] {processor.py:161} INFO - Started process (PID=697) to work on /opt/airflow/dags/nyc_taxi_etl.py
[2026-04-13T21:33:18.273+0000] {processor.py:830} INFO - Processing file /opt/airflow/dags/nyc_taxi_etl.py for tasks to queue
[2026-04-13T21:33:18.275+0000] {logging_mixin.py:188} INFO - [2026-04-13T21:33:18.274+0000] {dagbag.py:538} INFO - Filling up the DagBag from /opt/airflow/dags/nyc_taxi_etl.py
[2026-04-13T21:33:18.639+0000] {processor.py:840} INFO - DAG(s) 'nyc_taxi_daily_etl' retrieved from /opt/airflow/dags/nyc_taxi_etl.py
[2026-04-13T21:33:18.655+0000] {logging_mixin.py:188} INFO - [2026-04-13T21:33:18.655+0000] {dag.py:3033} INFO - Sync 1 DAGs
[2026-04-13T21:33:18.668+0000] {logging_mixin.py:188} INFO - [2026-04-13T21:33:18.668+0000] {dag.py:3820} INFO - Setting next_dagrun for nyc_taxi_daily_etl to 2026-04-13T02:00:00+00:00, run_after=2026-04-14T02:00:00+00:00
[2026-04-13T21:33:18.677+0000] {processor.py:183} INFO - Processing /opt/airflow/dags/nyc_taxi_etl.py took 0.414 seconds
[2026-04-13T21:33:49.002+0000] {processor.py:161} INFO - Started process (PID=703) to work on /opt/airflow/dags/nyc_taxi_etl.py
[2026-04-13T21:33:49.004+0000] {processor.py:830} INFO - Processing file /opt/airflow/dags/nyc_taxi_etl.py for tasks to queue
[2026-04-13T21:33:49.006+0000] {logging_mixin.py:188} INFO - [2026-04-13T21:33:49.005+0000] {dagbag.py:538} INFO - Filling up the DagBag from /opt/airflow/dags/nyc_taxi_etl.py
[2026-04-13T21:33:49.391+0000] {processor.py:840} INFO - DAG(s) 'nyc_taxi_daily_etl' retrieved from /opt/airflow/dags/nyc_taxi_etl.py
[2026-04-13T21:33:49.409+0000] {logging_mixin.py:188} INFO - [2026-04-13T21:33:49.409+0000] {dag.py:3033} INFO - Sync 1 DAGs
[2026-04-13T21:33:49.421+0000] {logging_mixin.py:188} INFO - [2026-04-13T21:33:49.421+0000] {dag.py:3820} INFO - Setting next_dagrun for nyc_taxi_daily_etl to 2026-04-13T02:00:00+00:00, run_after=2026-04-14T02:00:00+00:00
[2026-04-13T21:33:49.430+0000] {processor.py:183} INFO - Processing /opt/airflow/dags/nyc_taxi_etl.py took 0.436 seconds
[2026-04-13T21:34:19.804+0000] {processor.py:161} INFO - Started process (PID=709) to work on /opt/airflow/dags/nyc_taxi_etl.py
[2026-04-13T21:34:19.806+0000] {processor.py:830} INFO - Processing file /opt/airflow/dags/nyc_taxi_etl.py for tasks to queue
[2026-04-13T21:34:19.809+0000] {logging_mixin.py:188} INFO - [2026-04-13T21:34:19.808+0000] {dagbag.py:538} INFO - Filling up the DagBag from /opt/airflow/dags/nyc_taxi_etl.py
[2026-04-13T21:34:20.017+0000] {processor.py:840} INFO - DAG(s) 'nyc_taxi_daily_etl' retrieved from /opt/airflow/dags/nyc_taxi_etl.py
[2026-04-13T21:34:20.041+0000] {logging_mixin.py:188} INFO - [2026-04-13T21:34:20.041+0000] {dag.py:3033} INFO - Sync 1 DAGs
[2026-04-13T21:34:20.190+0000] {logging_mixin.py:188} INFO - [2026-04-13T21:34:20.190+0000] {dag.py:3820} INFO - Setting next_dagrun for nyc_taxi_daily_etl to 2026-04-13T02:00:00+00:00, run_after=2026-04-14T02:00:00+00:00
[2026-04-13T21:34:20.200+0000] {processor.py:183} INFO - Processing /opt/airflow/dags/nyc_taxi_etl.py took 0.403 seconds
[2026-04-13T21:34:50.564+0000] {processor.py:161} INFO - Started process (PID=715) to work on /opt/airflow/dags/nyc_taxi_etl.py
[2026-04-13T21:34:50.566+0000] {processor.py:830} INFO - Processing file /opt/airflow/dags/nyc_taxi_etl.py for tasks to queue
[2026-04-13T21:34:50.567+0000] {logging_mixin.py:188} INFO - [2026-04-13T21:34:50.567+0000] {dagbag.py:538} INFO - Filling up the DagBag from /opt/airflow/dags/nyc_taxi_etl.py
[2026-04-13T21:34:50.994+0000] {processor.py:840} INFO - DAG(s) 'nyc_taxi_daily_etl' retrieved from /opt/airflow/dags/nyc_taxi_etl.py
[2026-04-13T21:34:51.024+0000] {logging_mixin.py:188} INFO - [2026-04-13T21:34:51.024+0000] {dag.py:3033} INFO - Sync 1 DAGs
[2026-04-13T21:34:51.037+0000] {logging_mixin.py:188} INFO - [2026-04-13T21:34:51.037+0000] {dag.py:3820} INFO - Setting next_dagrun for nyc_taxi_daily_etl to 2026-04-13T02:00:00+00:00, run_after=2026-04-14T02:00:00+00:00
[2026-04-13T21:34:51.046+0000] {processor.py:183} INFO - Processing /opt/airflow/dags/nyc_taxi_etl.py took 0.496 seconds
[2026-04-13T21:35:21.439+0000] {processor.py:161} INFO - Started process (PID=721) to work on /opt/airflow/dags/nyc_taxi_etl.py
[2026-04-13T21:35:21.442+0000] {processor.py:830} INFO - Processing file /opt/airflow/dags/nyc_taxi_etl.py for tasks to queue
[2026-04-13T21:35:21.443+0000] {logging_mixin.py:188} INFO - [2026-04-13T21:35:21.442+0000] {dagbag.py:538} INFO - Filling up the DagBag from /opt/airflow/dags/nyc_taxi_etl.py
[2026-04-13T21:35:21.805+0000] {processor.py:840} INFO - DAG(s) 'nyc_taxi_daily_etl' retrieved from /opt/airflow/dags/nyc_taxi_etl.py
[2026-04-13T21:35:21.822+0000] {logging_mixin.py:188} INFO - [2026-04-13T21:35:21.821+0000] {dag.py:3033} INFO - Sync 1 DAGs
[2026-04-13T21:35:21.833+0000] {logging_mixin.py:188} INFO - [2026-04-13T21:35:21.833+0000] {dag.py:3820} INFO - Setting next_dagrun for nyc_taxi_daily_etl to 2026-04-13T02:00:00+00:00, run_after=2026-04-14T02:00:00+00:00
[2026-04-13T21:35:21.841+0000] {processor.py:183} INFO - Processing /opt/airflow/dags/nyc_taxi_etl.py took 0.412 seconds
[2026-04-13T21:35:52.324+0000] {processor.py:161} INFO - Started process (PID=727) to work on /opt/airflow/dags/nyc_taxi_etl.py
[2026-04-13T21:35:52.325+0000] {processor.py:830} INFO - Processing file /opt/airflow/dags/nyc_taxi_etl.py for tasks to queue
[2026-04-13T21:35:52.326+0000] {logging_mixin.py:188} INFO - [2026-04-13T21:35:52.325+0000] {dagbag.py:538} INFO - Filling up the DagBag from /opt/airflow/dags/nyc_taxi_etl.py
[2026-04-13T21:35:52.546+0000] {processor.py:840} INFO - DAG(s) 'nyc_taxi_daily_etl' retrieved from /opt/airflow/dags/nyc_taxi_etl.py
[2026-04-13T21:35:52.568+0000] {logging_mixin.py:188} INFO - [2026-04-13T21:35:52.568+0000] {dag.py:3033} INFO - Sync 1 DAGs
[2026-04-13T21:35:52.723+0000] {logging_mixin.py:188} INFO - [2026-04-13T21:35:52.722+0000] {dag.py:3820} INFO - Setting next_dagrun for nyc_taxi_daily_etl to 2026-04-13T02:00:00+00:00, run_after=2026-04-14T02:00:00+00:00
[2026-04-13T21:35:52.731+0000] {processor.py:183} INFO - Processing /opt/airflow/dags/nyc_taxi_etl.py took 0.412 seconds
[2026-04-13T21:36:23.075+0000] {processor.py:161} INFO - Started process (PID=733) to work on /opt/airflow/dags/nyc_taxi_etl.py
[2026-04-13T21:36:23.077+0000] {processor.py:830} INFO - Processing file /opt/airflow/dags/nyc_taxi_etl.py for tasks to queue
[2026-04-13T21:36:23.078+0000] {logging_mixin.py:188} INFO - [2026-04-13T21:36:23.078+0000] {dagbag.py:538} INFO - Filling up the DagBag from /opt/airflow/dags/nyc_taxi_etl.py
[2026-04-13T21:36:23.426+0000] {processor.py:840} INFO - DAG(s) 'nyc_taxi_daily_etl' retrieved from /opt/airflow/dags/nyc_taxi_etl.py
[2026-04-13T21:36:23.444+0000] {logging_mixin.py:188} INFO - [2026-04-13T21:36:23.444+0000] {dag.py:3033} INFO - Sync 1 DAGs
[2026-04-13T21:36:23.457+0000] {logging_mixin.py:188} INFO - [2026-04-13T21:36:23.457+0000] {dag.py:3820} INFO - Setting next_dagrun for nyc_taxi_daily_etl to 2026-04-13T02:00:00+00:00, run_after=2026-04-14T02:00:00+00:00
[2026-04-13T21:36:23.465+0000] {processor.py:183} INFO - Processing /opt/airflow/dags/nyc_taxi_etl.py took 0.398 seconds
[2026-04-13T21:36:53.847+0000] {processor.py:161} INFO - Started process (PID=739) to work on /opt/airflow/dags/nyc_taxi_etl.py
[2026-04-13T21:36:53.852+0000] {processor.py:830} INFO - Processing file /opt/airflow/dags/nyc_taxi_etl.py for tasks to queue
[2026-04-13T21:36:53.854+0000] {logging_mixin.py:188} INFO - [2026-04-13T21:36:53.854+0000] {dagbag.py:538} INFO - Filling up the DagBag from /opt/airflow/dags/nyc_taxi_etl.py
[2026-04-13T21:36:54.246+0000] {processor.py:840} INFO - DAG(s) 'nyc_taxi_daily_etl' retrieved from /opt/airflow/dags/nyc_taxi_etl.py
[2026-04-13T21:36:54.263+0000] {logging_mixin.py:188} INFO - [2026-04-13T21:36:54.262+0000] {dag.py:3033} INFO - Sync 1 DAGs
[2026-04-13T21:36:54.276+0000] {logging_mixin.py:188} INFO - [2026-04-13T21:36:54.276+0000] {dag.py:3820} INFO - Setting next_dagrun for nyc_taxi_daily_etl to 2026-04-13T02:00:00+00:00, run_after=2026-04-14T02:00:00+00:00
[2026-04-13T21:36:54.284+0000] {processor.py:183} INFO - Processing /opt/airflow/dags/nyc_taxi_etl.py took 0.446 seconds
[2026-04-13T21:37:24.741+0000] {processor.py:161} INFO - Started process (PID=745) to work on /opt/airflow/dags/nyc_taxi_etl.py
[2026-04-13T21:37:24.744+0000] {processor.py:830} INFO - Processing file /opt/airflow/dags/nyc_taxi_etl.py for tasks to queue
[2026-04-13T21:37:24.746+0000] {logging_mixin.py:188} INFO - [2026-04-13T21:37:24.745+0000] {dagbag.py:538} INFO - Filling up the DagBag from /opt/airflow/dags/nyc_taxi_etl.py
[2026-04-13T21:37:24.966+0000] {processor.py:840} INFO - DAG(s) 'nyc_taxi_daily_etl' retrieved from /opt/airflow/dags/nyc_taxi_etl.py
[2026-04-13T21:37:24.991+0000] {logging_mixin.py:188} INFO - [2026-04-13T21:37:24.991+0000] {dag.py:3033} INFO - Sync 1 DAGs
[2026-04-13T21:37:25.163+0000] {logging_mixin.py:188} INFO - [2026-04-13T21:37:25.163+0000] {dag.py:3820} INFO - Setting next_dagrun for nyc_taxi_daily_etl to 2026-04-13T02:00:00+00:00, run_after=2026-04-14T02:00:00+00:00
[2026-04-13T21:37:25.172+0000] {processor.py:183} INFO - Processing /opt/airflow/dags/nyc_taxi_etl.py took 0.439 seconds
[2026-04-13T21:37:55.441+0000] {processor.py:161} INFO - Started process (PID=751) to work on /opt/airflow/dags/nyc_taxi_etl.py
[2026-04-13T21:37:55.444+0000] {processor.py:830} INFO - Processing file /opt/airflow/dags/nyc_taxi_etl.py for tasks to queue
[2026-04-13T21:37:55.446+0000] {logging_mixin.py:188} INFO - [2026-04-13T21:37:55.445+0000] {dagbag.py:538} INFO - Filling up the DagBag from /opt/airflow/dags/nyc_taxi_etl.py
[2026-04-13T21:37:55.853+0000] {processor.py:840} INFO - DAG(s) 'nyc_taxi_daily_etl' retrieved from /opt/airflow/dags/nyc_taxi_etl.py
[2026-04-13T21:37:55.914+0000] {logging_mixin.py:188} INFO - [2026-04-13T21:37:55.914+0000] {dag.py:3033} INFO - Sync 1 DAGs
[2026-04-13T21:37:55.934+0000] {logging_mixin.py:188} INFO - [2026-04-13T21:37:55.934+0000] {dag.py:3820} INFO - Setting next_dagrun for nyc_taxi_daily_etl to 2026-04-13T02:00:00+00:00, run_after=2026-04-14T02:00:00+00:00
[2026-04-13T21:37:55.945+0000] {processor.py:183} INFO - Processing /opt/airflow/dags/nyc_taxi_etl.py took 0.513 seconds
[2026-04-13T21:38:26.276+0000] {processor.py:161} INFO - Started process (PID=757) to work on /opt/airflow/dags/nyc_taxi_etl.py
[2026-04-13T21:38:26.277+0000] {processor.py:830} INFO - Processing file /opt/airflow/dags/nyc_taxi_etl.py for tasks to queue
[2026-04-13T21:38:26.278+0000] {logging_mixin.py:188} INFO - [2026-04-13T21:38:26.278+0000] {dagbag.py:538} INFO - Filling up the DagBag from /opt/airflow/dags/nyc_taxi_etl.py
[2026-04-13T21:38:26.636+0000] {processor.py:840} INFO - DAG(s) 'nyc_taxi_daily_etl' retrieved from /opt/airflow/dags/nyc_taxi_etl.py
[2026-04-13T21:38:26.651+0000] {logging_mixin.py:188} INFO - [2026-04-13T21:38:26.650+0000] {dag.py:3033} INFO - Sync 1 DAGs
[2026-04-13T21:38:26.662+0000] {logging_mixin.py:188} INFO - [2026-04-13T21:38:26.662+0000] {dag.py:3820} INFO - Setting next_dagrun for nyc_taxi_daily_etl to 2026-04-13T02:00:00+00:00, run_after=2026-04-14T02:00:00+00:00
[2026-04-13T21:38:26.670+0000] {processor.py:183} INFO - Processing /opt/airflow/dags/nyc_taxi_etl.py took 0.399 seconds
[2026-04-13T21:38:57.006+0000] {processor.py:161} INFO - Started process (PID=763) to work on /opt/airflow/dags/nyc_taxi_etl.py
[2026-04-13T21:38:57.008+0000] {processor.py:830} INFO - Processing file /opt/airflow/dags/nyc_taxi_etl.py for tasks to queue
[2026-04-13T21:38:57.009+0000] {logging_mixin.py:188} INFO - [2026-04-13T21:38:57.008+0000] {dagbag.py:538} INFO - Filling up the DagBag from /opt/airflow/dags/nyc_taxi_etl.py
[2026-04-13T21:38:57.260+0000] {processor.py:840} INFO - DAG(s) 'nyc_taxi_daily_etl' retrieved from /opt/airflow/dags/nyc_taxi_etl.py
[2026-04-13T21:38:57.295+0000] {logging_mixin.py:188} INFO - [2026-04-13T21:38:57.295+0000] {dag.py:3033} INFO - Sync 1 DAGs
[2026-04-13T21:38:57.501+0000] {logging_mixin.py:188} INFO - [2026-04-13T21:38:57.501+0000] {dag.py:3820} INFO - Setting next_dagrun for nyc_taxi_daily_etl to 2026-04-13T02:00:00+00:00, run_after=2026-04-14T02:00:00+00:00
[2026-04-13T21:38:57.512+0000] {processor.py:183} INFO - Processing /opt/airflow/dags/nyc_taxi_etl.py took 0.517 seconds
[2026-04-13T21:39:27.813+0000] {processor.py:161} INFO - Started process (PID=769) to work on /opt/airflow/dags/nyc_taxi_etl.py
[2026-04-13T21:39:27.814+0000] {processor.py:830} INFO - Processing file /opt/airflow/dags/nyc_taxi_etl.py for tasks to queue
[2026-04-13T21:39:27.815+0000] {logging_mixin.py:188} INFO - [2026-04-13T21:39:27.815+0000] {dagbag.py:538} INFO - Filling up the DagBag from /opt/airflow/dags/nyc_taxi_etl.py
[2026-04-13T21:39:28.218+0000] {processor.py:840} INFO - DAG(s) 'nyc_taxi_daily_etl' retrieved from /opt/airflow/dags/nyc_taxi_etl.py
[2026-04-13T21:39:28.241+0000] {logging_mixin.py:188} INFO - [2026-04-13T21:39:28.241+0000] {dag.py:3033} INFO - Sync 1 DAGs
[2026-04-13T21:39:28.253+0000] {logging_mixin.py:188} INFO - [2026-04-13T21:39:28.253+0000] {dag.py:3820} INFO - Setting next_dagrun for nyc_taxi_daily_etl to 2026-04-13T02:00:00+00:00, run_after=2026-04-14T02:00:00+00:00
[2026-04-13T21:39:28.262+0000] {processor.py:183} INFO - Processing /opt/airflow/dags/nyc_taxi_etl.py took 0.454 seconds
[2026-04-13T21:39:58.505+0000] {processor.py:161} INFO - Started process (PID=775) to work on /opt/airflow/dags/nyc_taxi_etl.py
[2026-04-13T21:39:58.506+0000] {processor.py:830} INFO - Processing file /opt/airflow/dags/nyc_taxi_etl.py for tasks to queue
[2026-04-13T21:39:58.507+0000] {logging_mixin.py:188} INFO - [2026-04-13T21:39:58.507+0000] {dagbag.py:538} INFO - Filling up the DagBag from /opt/airflow/dags/nyc_taxi_etl.py
[2026-04-13T21:39:58.847+0000] {processor.py:840} INFO - DAG(s) 'nyc_taxi_daily_etl' retrieved from /opt/airflow/dags/nyc_taxi_etl.py
[2026-04-13T21:39:58.861+0000] {logging_mixin.py:188} INFO - [2026-04-13T21:39:58.861+0000] {dag.py:3033} INFO - Sync 1 DAGs
[2026-04-13T21:39:58.873+0000] {logging_mixin.py:188} INFO - [2026-04-13T21:39:58.873+0000] {dag.py:3820} INFO - Setting next_dagrun for nyc_taxi_daily_etl to 2026-04-13T02:00:00+00:00, run_after=2026-04-14T02:00:00+00:00
[2026-04-13T21:39:58.882+0000] {processor.py:183} INFO - Processing /opt/airflow/dags/nyc_taxi_etl.py took 0.382 seconds
[2026-04-13T21:40:29.172+0000] {processor.py:161} INFO - Started process (PID=781) to work on /opt/airflow/dags/nyc_taxi_etl.py
[2026-04-13T21:40:29.174+0000] {processor.py:830} INFO - Processing file /opt/airflow/dags/nyc_taxi_etl.py for tasks to queue
[2026-04-13T21:40:29.175+0000] {logging_mixin.py:188} INFO - [2026-04-13T21:40:29.175+0000] {dagbag.py:538} INFO - Filling up the DagBag from /opt/airflow/dags/nyc_taxi_etl.py
[2026-04-13T21:40:29.387+0000] {processor.py:840} INFO - DAG(s) 'nyc_taxi_daily_etl' retrieved from /opt/airflow/dags/nyc_taxi_etl.py
[2026-04-13T21:40:29.416+0000] {logging_mixin.py:188} INFO - [2026-04-13T21:40:29.416+0000] {dag.py:3033} INFO - Sync 1 DAGs
[2026-04-13T21:40:29.560+0000] {logging_mixin.py:188} INFO - [2026-04-13T21:40:29.560+0000] {dag.py:3820} INFO - Setting next_dagrun for nyc_taxi_daily_etl to 2026-04-13T02:00:00+00:00, run_after=2026-04-14T02:00:00+00:00
[2026-04-13T21:40:29.568+0000] {processor.py:183} INFO - Processing /opt/airflow/dags/nyc_taxi_etl.py took 0.401 seconds
[2026-04-13T21:40:59.946+0000] {processor.py:161} INFO - Started process (PID=787) to work on /opt/airflow/dags/nyc_taxi_etl.py
[2026-04-13T21:40:59.948+0000] {processor.py:830} INFO - Processing file /opt/airflow/dags/nyc_taxi_etl.py for tasks to queue
[2026-04-13T21:40:59.949+0000] {logging_mixin.py:188} INFO - [2026-04-13T21:40:59.948+0000] {dagbag.py:538} INFO - Filling up the DagBag from /opt/airflow/dags/nyc_taxi_etl.py
[2026-04-13T21:41:00.349+0000] {processor.py:840} INFO - DAG(s) 'nyc_taxi_daily_etl' retrieved from /opt/airflow/dags/nyc_taxi_etl.py
[2026-04-13T21:41:00.382+0000] {logging_mixin.py:188} INFO - [2026-04-13T21:41:00.382+0000] {dag.py:3033} INFO - Sync 1 DAGs
[2026-04-13T21:41:00.405+0000] {logging_mixin.py:188} INFO - [2026-04-13T21:41:00.404+0000] {dag.py:3820} INFO - Setting next_dagrun for nyc_taxi_daily_etl to 2026-04-13T02:00:00+00:00, run_after=2026-04-14T02:00:00+00:00
[2026-04-13T21:41:00.426+0000] {processor.py:183} INFO - Processing /opt/airflow/dags/nyc_taxi_etl.py took 0.490 seconds
[2026-04-13T21:41:30.866+0000] {processor.py:161} INFO - Started process (PID=793) to work on /opt/airflow/dags/nyc_taxi_etl.py
[2026-04-13T21:41:30.870+0000] {processor.py:830} INFO - Processing file /opt/airflow/dags/nyc_taxi_etl.py for tasks to queue
[2026-04-13T21:41:30.873+0000] {logging_mixin.py:188} INFO - [2026-04-13T21:41:30.872+0000] {dagbag.py:538} INFO - Filling up the DagBag from /opt/airflow/dags/nyc_taxi_etl.py
[2026-04-13T21:41:31.278+0000] {processor.py:840} INFO - DAG(s) 'nyc_taxi_daily_etl' retrieved from /opt/airflow/dags/nyc_taxi_etl.py
[2026-04-13T21:41:31.345+0000] {logging_mixin.py:188} INFO - [2026-04-13T21:41:31.345+0000] {dag.py:3033} INFO - Sync 1 DAGs
[2026-04-13T21:41:31.365+0000] {logging_mixin.py:188} INFO - [2026-04-13T21:41:31.364+0000] {dag.py:3820} INFO - Setting next_dagrun for nyc_taxi_daily_etl to 2026-04-13T02:00:00+00:00, run_after=2026-04-14T02:00:00+00:00
[2026-04-13T21:41:31.382+0000] {processor.py:183} INFO - Processing /opt/airflow/dags/nyc_taxi_etl.py took 0.521 seconds
[2026-04-13T21:42:01.722+0000] {processor.py:161} INFO - Started process (PID=799) to work on /opt/airflow/dags/nyc_taxi_etl.py
[2026-04-13T21:42:01.724+0000] {processor.py:830} INFO - Processing file /opt/airflow/dags/nyc_taxi_etl.py for tasks to queue
[2026-04-13T21:42:01.726+0000] {logging_mixin.py:188} INFO - [2026-04-13T21:42:01.725+0000] {dagbag.py:538} INFO - Filling up the DagBag from /opt/airflow/dags/nyc_taxi_etl.py
[2026-04-13T21:42:01.937+0000] {processor.py:840} INFO - DAG(s) 'nyc_taxi_daily_etl' retrieved from /opt/airflow/dags/nyc_taxi_etl.py
[2026-04-13T21:42:01.964+0000] {logging_mixin.py:188} INFO - [2026-04-13T21:42:01.964+0000] {dag.py:3033} INFO - Sync 1 DAGs
[2026-04-13T21:42:02.145+0000] {logging_mixin.py:188} INFO - [2026-04-13T21:42:02.144+0000] {dag.py:3820} INFO - Setting next_dagrun for nyc_taxi_daily_etl to 2026-04-13T02:00:00+00:00, run_after=2026-04-14T02:00:00+00:00
[2026-04-13T21:42:02.158+0000] {processor.py:183} INFO - Processing /opt/airflow/dags/nyc_taxi_etl.py took 0.445 seconds
