[2026-04-13T21:19:13.713+0000] {taskinstance.py:1957} INFO - Dependencies all met for dep_context=non-requeueable deps ti=<TaskInstance: nyc_taxi_daily_etl.load scheduled__2026-04-12T02:00:00+00:00 [queued]>
[2026-04-13T21:19:13.723+0000] {taskinstance.py:1957} INFO - Dependencies all met for dep_context=requeueable deps ti=<TaskInstance: nyc_taxi_daily_etl.load scheduled__2026-04-12T02:00:00+00:00 [queued]>
[2026-04-13T21:19:13.723+0000] {taskinstance.py:2171} INFO - Starting attempt 1 of 2
[2026-04-13T21:19:13.730+0000] {taskinstance.py:2192} INFO - Executing <Task(PythonOperator): load> on 2026-04-12 02:00:00+00:00
[2026-04-13T21:19:13.738+0000] {standard_task_runner.py:60} INFO - Started process 531 to run task
[2026-04-13T21:19:13.742+0000] {standard_task_runner.py:87} INFO - Running: ['***', 'tasks', 'run', 'nyc_taxi_daily_etl', 'load', 'scheduled__2026-04-12T02:00:00+00:00', '--job-id', '77', '--raw', '--subdir', 'DAGS_FOLDER/nyc_taxi_etl.py', '--cfg-path', '/tmp/tmpss37ckrw']
[2026-04-13T21:19:13.744+0000] {standard_task_runner.py:88} INFO - Job 77: Subtask load
[2026-04-13T21:19:13.805+0000] {task_command.py:423} INFO - Running <TaskInstance: nyc_taxi_daily_etl.load scheduled__2026-04-12T02:00:00+00:00 [running]> on host ce933bb4fe18
[2026-04-13T21:19:14.311+0000] {taskinstance.py:2481} INFO - Exporting env vars: AIRFLOW_CTX_DAG_OWNER='annjan' AIRFLOW_CTX_DAG_ID='nyc_taxi_daily_etl' AIRFLOW_CTX_TASK_ID='load' AIRFLOW_CTX_EXECUTION_DATE='2026-04-12T02:00:00+00:00' AIRFLOW_CTX_TRY_NUMBER='1' AIRFLOW_CTX_DAG_RUN_ID='scheduled__2026-04-12T02:00:00+00:00'
[2026-04-13T21:19:14.331+0000] {logging_mixin.py:188} INFO - Loading 35 rows to PostgreSQL...
[2026-04-13T21:19:14.337+0000] {logging_mixin.py:188} INFO -     trip_date  total_trips  gross_revenue  avg_fare  avg_distance
0  2008-12-31            1          80.55     70.00         17.76
1  2022-10-25            5         211.96     34.80          2.15
2  2022-12-31           25         658.23     16.63          3.31
3  2023-01-01        74216     2296235.90     22.06          4.42
4  2023-01-02        63758     2002015.73     22.25          4.63
[2026-04-13T21:19:14.399+0000] {logging_mixin.py:188} INFO - Load complete — 35 rows in fact_daily_trips
[2026-04-13T21:19:14.400+0000] {python.py:201} INFO - Done. Returned value was: None
[2026-04-13T21:19:14.415+0000] {taskinstance.py:1138} INFO - Marking task as SUCCESS. dag_id=nyc_taxi_daily_etl, task_id=load, execution_date=20260412T020000, start_date=20260413T211913, end_date=20260413T211914
[2026-04-13T21:19:14.465+0000] {local_task_job_runner.py:234} INFO - Task exited with return code 0
[2026-04-13T21:19:14.492+0000] {taskinstance.py:3281} INFO - 0 downstream tasks scheduled from follow-on schedule check
