[2026-04-13T21:08:28.021+0000] {manager.py:469} INFO - Processing files using up to 2 processes at a time 
[2026-04-13T21:08:28.022+0000] {manager.py:470} INFO - Process each file at most once every 30 seconds
[2026-04-13T21:08:28.023+0000] {manager.py:471} INFO - Checking for new files in /opt/airflow/dags every 300 seconds
[2026-04-13T21:08:28.023+0000] {manager.py:738} INFO - Searching for files in /opt/airflow/dags
[2026-04-13T21:08:28.033+0000] {manager.py:741} INFO - There are 1 files in /opt/airflow/dags
[2026-04-13T21:08:28.178+0000] {manager.py:879} INFO - 
================================================================================
DAG File Processing Stats

File Path                            PID  Runtime      # DAGs    # Errors  Last Runtime    Last Run
---------------------------------  -----  ---------  --------  ----------  --------------  ----------
/opt/airflow/dags/nyc_taxi_etl.py    166  0.07s             0           0
================================================================================
[2026-04-13T21:08:58.289+0000] {manager.py:879} INFO - 
================================================================================
DAG File Processing Stats

File Path                          PID    Runtime      # DAGs    # Errors  Last Runtime    Last Run
---------------------------------  -----  ---------  --------  ----------  --------------  -------------------
/opt/airflow/dags/nyc_taxi_etl.py                           1           0  0.97s           2026-04-13T21:08:29
================================================================================
[2026-04-13T21:09:28.790+0000] {manager.py:879} INFO - 
================================================================================
DAG File Processing Stats

File Path                          PID    Runtime      # DAGs    # Errors  Last Runtime    Last Run
---------------------------------  -----  ---------  --------  ----------  --------------  -------------------
/opt/airflow/dags/nyc_taxi_etl.py                           1           0  0.53s           2026-04-13T21:08:59
================================================================================
[2026-04-13T21:09:58.948+0000] {manager.py:879} INFO - 
================================================================================
DAG File Processing Stats

File Path                          PID    Runtime      # DAGs    # Errors  Last Runtime    Last Run
---------------------------------  -----  ---------  --------  ----------  --------------  -------------------
/opt/airflow/dags/nyc_taxi_etl.py                           1           0  0.67s           2026-04-13T21:09:30
================================================================================
[2026-04-13T21:10:29.094+0000] {manager.py:879} INFO - 
================================================================================
DAG File Processing Stats

File Path                          PID    Runtime      # DAGs    # Errors  Last Runtime    Last Run
---------------------------------  -----  ---------  --------  ----------  --------------  -------------------
/opt/airflow/dags/nyc_taxi_etl.py                           1           0  0.48s           2026-04-13T21:10:01
================================================================================
[2026-04-13T21:10:59.438+0000] {manager.py:879} INFO - 
================================================================================
DAG File Processing Stats

File Path                          PID    Runtime      # DAGs    # Errors  Last Runtime    Last Run
---------------------------------  -----  ---------  --------  ----------  --------------  -------------------
/opt/airflow/dags/nyc_taxi_etl.py                           1           0  0.83s           2026-04-13T21:10:32
================================================================================
[2026-04-13T21:11:30.232+0000] {manager.py:879} INFO - 
================================================================================
DAG File Processing Stats

File Path                          PID    Runtime      # DAGs    # Errors  Last Runtime    Last Run
---------------------------------  -----  ---------  --------  ----------  --------------  -------------------
/opt/airflow/dags/nyc_taxi_etl.py                           1           0  1.25s           2026-04-13T21:11:04
================================================================================
[2026-04-13T21:12:00.339+0000] {manager.py:879} INFO - 
================================================================================
DAG File Processing Stats

File Path                          PID    Runtime      # DAGs    # Errors  Last Runtime    Last Run
---------------------------------  -----  ---------  --------  ----------  --------------  -------------------
/opt/airflow/dags/nyc_taxi_etl.py                           1           0  0.74s           2026-04-13T21:11:36
================================================================================
[2026-04-13T21:12:30.923+0000] {manager.py:879} INFO - 
================================================================================
DAG File Processing Stats

File Path                          PID    Runtime      # DAGs    # Errors  Last Runtime    Last Run
---------------------------------  -----  ---------  --------  ----------  --------------  -------------------
/opt/airflow/dags/nyc_taxi_etl.py                           1           0  0.55s           2026-04-13T21:12:06
================================================================================
[2026-04-13T21:13:01.128+0000] {manager.py:879} INFO - 
================================================================================
DAG File Processing Stats

File Path                          PID    Runtime      # DAGs    # Errors  Last Runtime    Last Run
---------------------------------  -----  ---------  --------  ----------  --------------  -------------------
/opt/airflow/dags/nyc_taxi_etl.py                           1           0  1.46s           2026-04-13T21:12:44
================================================================================
[2026-04-13T21:13:28.207+0000] {manager.py:738} INFO - Searching for files in /opt/airflow/dags
[2026-04-13T21:13:28.213+0000] {manager.py:741} INFO - There are 1 files in /opt/airflow/dags
[2026-04-13T21:13:31.305+0000] {manager.py:879} INFO - 
================================================================================
DAG File Processing Stats

File Path                          PID    Runtime      # DAGs    # Errors  Last Runtime    Last Run
---------------------------------  -----  ---------  --------  ----------  --------------  -------------------
/opt/airflow/dags/nyc_taxi_etl.py                           1           0  1.18s           2026-04-13T21:13:17
================================================================================
[2026-04-13T21:14:01.535+0000] {manager.py:879} INFO - 
================================================================================
DAG File Processing Stats

File Path                          PID    Runtime      # DAGs    # Errors  Last Runtime    Last Run
---------------------------------  -----  ---------  --------  ----------  --------------  -------------------
/opt/airflow/dags/nyc_taxi_etl.py                           1           0  0.19s           2026-04-13T21:13:47
================================================================================
[2026-04-13T21:14:32.005+0000] {manager.py:879} INFO - 
================================================================================
DAG File Processing Stats

File Path                          PID    Runtime      # DAGs    # Errors  Last Runtime    Last Run
---------------------------------  -----  ---------  --------  ----------  --------------  -------------------
/opt/airflow/dags/nyc_taxi_etl.py                           1           0  0.42s           2026-04-13T21:14:18
================================================================================
[2026-04-13T21:15:02.469+0000] {manager.py:879} INFO - 
================================================================================
DAG File Processing Stats

File Path                          PID    Runtime      # DAGs    # Errors  Last Runtime    Last Run
---------------------------------  -----  ---------  --------  ----------  --------------  -------------------
/opt/airflow/dags/nyc_taxi_etl.py                           1           0  0.43s           2026-04-13T21:14:48
================================================================================
[2026-04-13T21:15:33.018+0000] {manager.py:879} INFO - 
================================================================================
DAG File Processing Stats

File Path                          PID    Runtime      # DAGs    # Errors  Last Runtime    Last Run
---------------------------------  -----  ---------  --------  ----------  --------------  -------------------
/opt/airflow/dags/nyc_taxi_etl.py                           1           0  0.33s           2026-04-13T21:15:18
================================================================================
[2026-04-13T21:16:03.375+0000] {manager.py:879} INFO - 
================================================================================
DAG File Processing Stats

File Path                          PID    Runtime      # DAGs    # Errors  Last Runtime    Last Run
---------------------------------  -----  ---------  --------  ----------  --------------  -------------------
/opt/airflow/dags/nyc_taxi_etl.py                           1           0  0.58s           2026-04-13T21:15:49
================================================================================
[2026-04-13T21:16:33.677+0000] {manager.py:879} INFO - 
================================================================================
DAG File Processing Stats

File Path                          PID    Runtime      # DAGs    # Errors  Last Runtime    Last Run
---------------------------------  -----  ---------  --------  ----------  --------------  -------------------
/opt/airflow/dags/nyc_taxi_etl.py                           1           0  0.53s           2026-04-13T21:16:20
================================================================================
[2026-04-13T21:17:04.134+0000] {manager.py:879} INFO - 
================================================================================
DAG File Processing Stats

File Path                          PID    Runtime      # DAGs    # Errors  Last Runtime    Last Run
---------------------------------  -----  ---------  --------  ----------  --------------  -------------------
/opt/airflow/dags/nyc_taxi_etl.py                           1           0  0.26s           2026-04-13T21:16:51
================================================================================
[2026-04-13T21:17:34.590+0000] {manager.py:879} INFO - 
================================================================================
DAG File Processing Stats

File Path                          PID    Runtime      # DAGs    # Errors  Last Runtime    Last Run
---------------------------------  -----  ---------  --------  ----------  --------------  -------------------
/opt/airflow/dags/nyc_taxi_etl.py                           1           0  1.15s           2026-04-13T21:17:22
================================================================================
[2026-04-13T21:18:04.900+0000] {manager.py:879} INFO - 
================================================================================
DAG File Processing Stats

File Path                          PID    Runtime      # DAGs    # Errors  Last Runtime    Last Run
---------------------------------  -----  ---------  --------  ----------  --------------  -------------------
/opt/airflow/dags/nyc_taxi_etl.py                           1           0  0.55s           2026-04-13T21:17:53
================================================================================
[2026-04-13T21:18:29.131+0000] {manager.py:738} INFO - Searching for files in /opt/airflow/dags
[2026-04-13T21:18:29.144+0000] {manager.py:741} INFO - There are 1 files in /opt/airflow/dags
[2026-04-13T21:18:35.221+0000] {manager.py:879} INFO - 
================================================================================
DAG File Processing Stats

File Path                          PID    Runtime      # DAGs    # Errors  Last Runtime    Last Run
---------------------------------  -----  ---------  --------  ----------  --------------  -------------------
/opt/airflow/dags/nyc_taxi_etl.py                           1           0  0.47s           2026-04-13T21:18:24
================================================================================
[2026-04-13T21:19:05.313+0000] {manager.py:879} INFO - 
================================================================================
DAG File Processing Stats

File Path                          PID    Runtime      # DAGs    # Errors  Last Runtime    Last Run
---------------------------------  -----  ---------  --------  ----------  --------------  -------------------
/opt/airflow/dags/nyc_taxi_etl.py                           1           0  0.52s           2026-04-13T21:18:58
================================================================================
[2026-04-13T21:19:36.086+0000] {manager.py:879} INFO - 
================================================================================
DAG File Processing Stats

File Path                          PID    Runtime      # DAGs    # Errors  Last Runtime    Last Run
---------------------------------  -----  ---------  --------  ----------  --------------  -------------------
/opt/airflow/dags/nyc_taxi_etl.py                           1           0  0.55s           2026-04-13T21:19:29
================================================================================
[2026-04-13T21:20:06.275+0000] {manager.py:879} INFO - 
================================================================================
DAG File Processing Stats

File Path                          PID    Runtime      # DAGs    # Errors  Last Runtime    Last Run
---------------------------------  -----  ---------  --------  ----------  --------------  -------------------
/opt/airflow/dags/nyc_taxi_etl.py                           1           0  0.77s           2026-04-13T21:20:00
================================================================================
[2026-04-13T21:20:36.720+0000] {manager.py:879} INFO - 
================================================================================
DAG File Processing Stats

File Path                          PID    Runtime      # DAGs    # Errors  Last Runtime    Last Run
---------------------------------  -----  ---------  --------  ----------  --------------  -------------------
/opt/airflow/dags/nyc_taxi_etl.py                           1           0  0.75s           2026-04-13T21:20:31
================================================================================
[2026-04-13T21:21:07.138+0000] {manager.py:879} INFO - 
================================================================================
DAG File Processing Stats

File Path                          PID    Runtime      # DAGs    # Errors  Last Runtime    Last Run
---------------------------------  -----  ---------  --------  ----------  --------------  -------------------
/opt/airflow/dags/nyc_taxi_etl.py                           1           0  0.37s           2026-04-13T21:21:02
================================================================================
[2026-04-13T21:21:37.522+0000] {manager.py:879} INFO - 
================================================================================
DAG File Processing Stats

File Path                          PID    Runtime      # DAGs    # Errors  Last Runtime    Last Run
---------------------------------  -----  ---------  --------  ----------  --------------  -------------------
/opt/airflow/dags/nyc_taxi_etl.py                           1           0  0.47s           2026-04-13T21:21:32
================================================================================
[2026-04-13T21:22:07.622+0000] {manager.py:879} INFO - 
================================================================================
DAG File Processing Stats

File Path                          PID    Runtime      # DAGs    # Errors  Last Runtime    Last Run
---------------------------------  -----  ---------  --------  ----------  --------------  -------------------
/opt/airflow/dags/nyc_taxi_etl.py                           1           0  0.48s           2026-04-13T21:22:03
================================================================================
[2026-04-13T21:22:38.091+0000] {manager.py:879} INFO - 
================================================================================
DAG File Processing Stats

File Path                          PID    Runtime      # DAGs    # Errors  Last Runtime    Last Run
---------------------------------  -----  ---------  --------  ----------  --------------  -------------------
/opt/airflow/dags/nyc_taxi_etl.py                           1           0  0.33s           2026-04-13T21:22:34
================================================================================
[2026-04-13T21:23:08.706+0000] {manager.py:879} INFO - 
================================================================================
DAG File Processing Stats

File Path                          PID    Runtime      # DAGs    # Errors  Last Runtime    Last Run
---------------------------------  -----  ---------  --------  ----------  --------------  -------------------
/opt/airflow/dags/nyc_taxi_etl.py                           1           0  0.57s           2026-04-13T21:23:04
================================================================================
[2026-04-13T21:23:29.195+0000] {manager.py:738} INFO - Searching for files in /opt/airflow/dags
[2026-04-13T21:23:29.209+0000] {manager.py:741} INFO - There are 1 files in /opt/airflow/dags
[2026-04-13T21:23:38.844+0000] {manager.py:879} INFO - 
================================================================================
DAG File Processing Stats

File Path                          PID    Runtime      # DAGs    # Errors  Last Runtime    Last Run
---------------------------------  -----  ---------  --------  ----------  --------------  -------------------
/opt/airflow/dags/nyc_taxi_etl.py                           1           0  0.52s           2026-04-13T21:23:35
================================================================================
[2026-04-13T21:24:09.135+0000] {manager.py:879} INFO - 
================================================================================
DAG File Processing Stats

File Path                          PID    Runtime      # DAGs    # Errors  Last Runtime    Last Run
---------------------------------  -----  ---------  --------  ----------  --------------  -------------------
/opt/airflow/dags/nyc_taxi_etl.py                           1           0  0.33s           2026-04-13T21:24:06
================================================================================
[2026-04-13T21:24:39.659+0000] {manager.py:879} INFO - 
================================================================================
DAG File Processing Stats

File Path                          PID    Runtime      # DAGs    # Errors  Last Runtime    Last Run
---------------------------------  -----  ---------  --------  ----------  --------------  -------------------
/opt/airflow/dags/nyc_taxi_etl.py                           1           0  0.51s           2026-04-13T21:24:36
================================================================================
[2026-04-13T21:25:10.324+0000] {manager.py:879} INFO - 
================================================================================
DAG File Processing Stats

File Path                          PID    Runtime      # DAGs    # Errors  Last Runtime    Last Run
---------------------------------  -----  ---------  --------  ----------  --------------  -------------------
/opt/airflow/dags/nyc_taxi_etl.py                           1           0  0.51s           2026-04-13T21:25:07
================================================================================
[2026-04-13T21:25:40.736+0000] {manager.py:879} INFO - 
================================================================================
DAG File Processing Stats

File Path                          PID    Runtime      # DAGs    # Errors  Last Runtime    Last Run
---------------------------------  -----  ---------  --------  ----------  --------------  -------------------
/opt/airflow/dags/nyc_taxi_etl.py                           1           0  0.33s           2026-04-13T21:25:37
================================================================================
[2026-04-13T21:26:11.281+0000] {manager.py:879} INFO - 
================================================================================
DAG File Processing Stats

File Path                          PID    Runtime      # DAGs    # Errors  Last Runtime    Last Run
---------------------------------  -----  ---------  --------  ----------  --------------  -------------------
/opt/airflow/dags/nyc_taxi_etl.py                           1           0  0.51s           2026-04-13T21:26:08
================================================================================
[2026-04-13T21:26:41.444+0000] {manager.py:879} INFO - 
================================================================================
DAG File Processing Stats

File Path                          PID    Runtime      # DAGs    # Errors  Last Runtime    Last Run
---------------------------------  -----  ---------  --------  ----------  --------------  -------------------
/opt/airflow/dags/nyc_taxi_etl.py                           1           0  0.53s           2026-04-13T21:26:39
================================================================================
[2026-04-13T21:27:11.746+0000] {manager.py:879} INFO - 
================================================================================
DAG File Processing Stats

File Path                          PID    Runtime      # DAGs    # Errors  Last Runtime    Last Run
---------------------------------  -----  ---------  --------  ----------  --------------  -------------------
/opt/airflow/dags/nyc_taxi_etl.py                           1           0  0.32s           2026-04-13T21:27:10
================================================================================
[2026-04-13T21:27:41.762+0000] {manager.py:879} INFO - 
================================================================================
DAG File Processing Stats

File Path                          PID    Runtime      # DAGs    # Errors  Last Runtime    Last Run
---------------------------------  -----  ---------  --------  ----------  --------------  -------------------
/opt/airflow/dags/nyc_taxi_etl.py                           1           0  0.43s           2026-04-13T21:27:40
================================================================================
[2026-04-13T21:28:12.021+0000] {manager.py:879} INFO - 
================================================================================
DAG File Processing Stats

File Path                          PID    Runtime      # DAGs    # Errors  Last Runtime    Last Run
---------------------------------  -----  ---------  --------  ----------  --------------  -------------------
/opt/airflow/dags/nyc_taxi_etl.py                           1           0  0.50s           2026-04-13T21:28:11
================================================================================
[2026-04-13T21:28:29.624+0000] {manager.py:738} INFO - Searching for files in /opt/airflow/dags
[2026-04-13T21:28:29.638+0000] {manager.py:741} INFO - There are 1 files in /opt/airflow/dags
[2026-04-13T21:28:42.160+0000] {manager.py:879} INFO - 
================================================================================
DAG File Processing Stats

File Path                          PID    Runtime      # DAGs    # Errors  Last Runtime    Last Run
---------------------------------  -----  ---------  --------  ----------  --------------  -------------------
/opt/airflow/dags/nyc_taxi_etl.py                           1           0  0.38s           2026-04-13T21:28:42
================================================================================
[2026-04-13T21:29:12.454+0000] {manager.py:879} INFO - 
================================================================================
DAG File Processing Stats

File Path                            PID  Runtime      # DAGs    # Errors  Last Runtime    Last Run
---------------------------------  -----  ---------  --------  ----------  --------------  -------------------
/opt/airflow/dags/nyc_taxi_etl.py    649  0.02s             1           0  0.38s           2026-04-13T21:28:42
================================================================================
[2026-04-13T21:29:42.744+0000] {manager.py:879} INFO - 
================================================================================
DAG File Processing Stats

File Path                          PID    Runtime      # DAGs    # Errors  Last Runtime    Last Run
---------------------------------  -----  ---------  --------  ----------  --------------  -------------------
/opt/airflow/dags/nyc_taxi_etl.py                           1           0  0.46s           2026-04-13T21:29:12
================================================================================
[2026-04-13T21:30:12.957+0000] {manager.py:879} INFO - 
================================================================================
DAG File Processing Stats

File Path                          PID    Runtime      # DAGs    # Errors  Last Runtime    Last Run
---------------------------------  -----  ---------  --------  ----------  --------------  -------------------
/opt/airflow/dags/nyc_taxi_etl.py                           1           0  0.41s           2026-04-13T21:29:43
================================================================================
[2026-04-13T21:30:43.222+0000] {manager.py:879} INFO - 
================================================================================
DAG File Processing Stats

File Path                          PID    Runtime      # DAGs    # Errors  Last Runtime    Last Run
---------------------------------  -----  ---------  --------  ----------  --------------  -------------------
/opt/airflow/dags/nyc_taxi_etl.py                           1           0  0.49s           2026-04-13T21:30:14
================================================================================
[2026-04-13T21:31:13.684+0000] {manager.py:879} INFO - 
================================================================================
DAG File Processing Stats

File Path                          PID    Runtime      # DAGs    # Errors  Last Runtime    Last Run
---------------------------------  -----  ---------  --------  ----------  --------------  -------------------
/opt/airflow/dags/nyc_taxi_etl.py                           1           0  0.56s           2026-04-13T21:30:44
================================================================================
[2026-04-13T21:31:43.863+0000] {manager.py:879} INFO - 
================================================================================
DAG File Processing Stats

File Path                          PID    Runtime      # DAGs    # Errors  Last Runtime    Last Run
---------------------------------  -----  ---------  --------  ----------  --------------  -------------------
/opt/airflow/dags/nyc_taxi_etl.py                           1           0  0.57s           2026-04-13T21:31:15
================================================================================
[2026-04-13T21:32:14.591+0000] {manager.py:879} INFO - 
================================================================================
DAG File Processing Stats

File Path                          PID    Runtime      # DAGs    # Errors  Last Runtime    Last Run
---------------------------------  -----  ---------  --------  ----------  --------------  -------------------
/opt/airflow/dags/nyc_taxi_etl.py                           1           0  0.49s           2026-04-13T21:31:46
================================================================================
[2026-04-13T21:32:45.041+0000] {manager.py:879} INFO - 
================================================================================
DAG File Processing Stats

File Path                          PID    Runtime      # DAGs    # Errors  Last Runtime    Last Run
---------------------------------  -----  ---------  --------  ----------  --------------  -------------------
/opt/airflow/dags/nyc_taxi_etl.py                           1           0  0.48s           2026-04-13T21:32:17
================================================================================
[2026-04-13T21:33:15.165+0000] {manager.py:879} INFO - 
================================================================================
DAG File Processing Stats

File Path                          PID    Runtime      # DAGs    # Errors  Last Runtime    Last Run
---------------------------------  -----  ---------  --------  ----------  --------------  -------------------
/opt/airflow/dags/nyc_taxi_etl.py                           1           0  0.47s           2026-04-13T21:32:47
================================================================================
[2026-04-13T21:33:29.780+0000] {manager.py:738} INFO - Searching for files in /opt/airflow/dags
[2026-04-13T21:33:29.794+0000] {manager.py:741} INFO - There are 1 files in /opt/airflow/dags
[2026-04-13T21:33:45.486+0000] {manager.py:879} INFO - 
================================================================================
DAG File Processing Stats

File Path                          PID    Runtime      # DAGs    # Errors  Last Runtime    Last Run
---------------------------------  -----  ---------  --------  ----------  --------------  -------------------
/opt/airflow/dags/nyc_taxi_etl.py                           1           0  0.48s           2026-04-13T21:33:18
================================================================================
[2026-04-13T21:34:15.722+0000] {manager.py:879} INFO - 
================================================================================
DAG File Processing Stats

File Path                          PID    Runtime      # DAGs    # Errors  Last Runtime    Last Run
---------------------------------  -----  ---------  --------  ----------  --------------  -------------------
/opt/airflow/dags/nyc_taxi_etl.py                           1           0  0.48s           2026-04-13T21:33:49
================================================================================
[2026-04-13T21:34:46.470+0000] {manager.py:879} INFO - 
================================================================================
DAG File Processing Stats

File Path                          PID    Runtime      # DAGs    # Errors  Last Runtime    Last Run
---------------------------------  -----  ---------  --------  ----------  --------------  -------------------
/opt/airflow/dags/nyc_taxi_etl.py                           1           0  0.44s           2026-04-13T21:34:20
================================================================================
[2026-04-13T21:35:16.803+0000] {manager.py:879} INFO - 
================================================================================
DAG File Processing Stats

File Path                          PID    Runtime      # DAGs    # Errors  Last Runtime    Last Run
---------------------------------  -----  ---------  --------  ----------  --------------  -------------------
/opt/airflow/dags/nyc_taxi_etl.py                           1           0  0.54s           2026-04-13T21:34:51
================================================================================
[2026-04-13T21:35:47.243+0000] {manager.py:879} INFO - 
================================================================================
DAG File Processing Stats

File Path                          PID    Runtime      # DAGs    # Errors  Last Runtime    Last Run
---------------------------------  -----  ---------  --------  ----------  --------------  -------------------
/opt/airflow/dags/nyc_taxi_etl.py                           1           0  0.47s           2026-04-13T21:35:21
================================================================================
[2026-04-13T21:36:17.490+0000] {manager.py:879} INFO - 
================================================================================
DAG File Processing Stats

File Path                          PID    Runtime      # DAGs    # Errors  Last Runtime    Last Run
---------------------------------  -----  ---------  --------  ----------  --------------  -------------------
/opt/airflow/dags/nyc_taxi_etl.py                           1           0  0.45s           2026-04-13T21:35:52
================================================================================
[2026-04-13T21:36:47.707+0000] {manager.py:879} INFO - 
================================================================================
DAG File Processing Stats

File Path                          PID    Runtime      # DAGs    # Errors  Last Runtime    Last Run
---------------------------------  -----  ---------  --------  ----------  --------------  -------------------
/opt/airflow/dags/nyc_taxi_etl.py                           1           0  0.44s           2026-04-13T21:36:23
================================================================================
[2026-04-13T21:37:18.072+0000] {manager.py:879} INFO - 
================================================================================
DAG File Processing Stats

File Path                          PID    Runtime      # DAGs    # Errors  Last Runtime    Last Run
---------------------------------  -----  ---------  --------  ----------  --------------  -------------------
/opt/airflow/dags/nyc_taxi_etl.py                           1           0  0.50s           2026-04-13T21:36:54
================================================================================
[2026-04-13T21:37:48.364+0000] {manager.py:879} INFO - 
================================================================================
DAG File Processing Stats

File Path                          PID    Runtime      # DAGs    # Errors  Last Runtime    Last Run
---------------------------------  -----  ---------  --------  ----------  --------------  -------------------
/opt/airflow/dags/nyc_taxi_etl.py                           1           0  0.47s           2026-04-13T21:37:25
================================================================================
[2026-04-13T21:38:18.666+0000] {manager.py:879} INFO - 
================================================================================
DAG File Processing Stats

File Path                          PID    Runtime      # DAGs    # Errors  Last Runtime    Last Run
---------------------------------  -----  ---------  --------  ----------  --------------  -------------------
/opt/airflow/dags/nyc_taxi_etl.py                           1           0  0.54s           2026-04-13T21:37:55
================================================================================
[2026-04-13T21:38:30.324+0000] {manager.py:738} INFO - Searching for files in /opt/airflow/dags
[2026-04-13T21:38:30.333+0000] {manager.py:741} INFO - There are 1 files in /opt/airflow/dags
[2026-04-13T21:38:48.867+0000] {manager.py:879} INFO - 
================================================================================
DAG File Processing Stats

File Path                          PID    Runtime      # DAGs    # Errors  Last Runtime    Last Run
---------------------------------  -----  ---------  --------  ----------  --------------  -------------------
/opt/airflow/dags/nyc_taxi_etl.py                           1           0  0.43s           2026-04-13T21:38:26
================================================================================
[2026-04-13T21:39:19.143+0000] {manager.py:879} INFO - 
================================================================================
DAG File Processing Stats

File Path                          PID    Runtime      # DAGs    # Errors  Last Runtime    Last Run
---------------------------------  -----  ---------  --------  ----------  --------------  -------------------
/opt/airflow/dags/nyc_taxi_etl.py                           1           0  0.56s           2026-04-13T21:38:57
================================================================================
[2026-04-13T21:39:49.373+0000] {manager.py:879} INFO - 
================================================================================
DAG File Processing Stats

File Path                          PID    Runtime      # DAGs    # Errors  Last Runtime    Last Run
---------------------------------  -----  ---------  --------  ----------  --------------  -------------------
/opt/airflow/dags/nyc_taxi_etl.py                           1           0  0.48s           2026-04-13T21:39:28
================================================================================
[2026-04-13T21:40:19.648+0000] {manager.py:879} INFO - 
================================================================================
DAG File Processing Stats

File Path                          PID    Runtime      # DAGs    # Errors  Last Runtime    Last Run
---------------------------------  -----  ---------  --------  ----------  --------------  -------------------
/opt/airflow/dags/nyc_taxi_etl.py                           1           0  0.42s           2026-04-13T21:39:58
================================================================================
[2026-04-13T21:40:49.796+0000] {manager.py:879} INFO - 
================================================================================
DAG File Processing Stats

File Path                          PID    Runtime      # DAGs    # Errors  Last Runtime    Last Run
---------------------------------  -----  ---------  --------  ----------  --------------  -------------------
/opt/airflow/dags/nyc_taxi_etl.py                           1           0  0.44s           2026-04-13T21:40:29
================================================================================
[2026-04-13T21:41:20.681+0000] {manager.py:879} INFO - 
================================================================================
DAG File Processing Stats

File Path                          PID    Runtime      # DAGs    # Errors  Last Runtime    Last Run
---------------------------------  -----  ---------  --------  ----------  --------------  -------------------
/opt/airflow/dags/nyc_taxi_etl.py                           1           0  0.55s           2026-04-13T21:41:00
================================================================================
[2026-04-13T21:41:51.068+0000] {manager.py:879} INFO - 
================================================================================
DAG File Processing Stats

File Path                          PID    Runtime      # DAGs    # Errors  Last Runtime    Last Run
---------------------------------  -----  ---------  --------  ----------  --------------  -------------------
/opt/airflow/dags/nyc_taxi_etl.py                           1           0  0.58s           2026-04-13T21:41:31
================================================================================
[2026-04-13T21:42:21.353+0000] {manager.py:879} INFO - 
================================================================================
DAG File Processing Stats

File Path                          PID    Runtime      # DAGs    # Errors  Last Runtime    Last Run
---------------------------------  -----  ---------  --------  ----------  --------------  -------------------
/opt/airflow/dags/nyc_taxi_etl.py                           1           0  0.48s           2026-04-13T21:42:02
================================================================================
