[2026-04-13T21:19:15.565+0000] {taskinstance.py:1957} INFO - Dependencies all met for dep_context=non-requeueable deps ti=<TaskInstance: nyc_taxi_daily_etl.load manual__2026-04-13T20:57:14.052487+00:00 [queued]>
[2026-04-13T21:19:15.569+0000] {taskinstance.py:1957} INFO - Dependencies all met for dep_context=requeueable deps ti=<TaskInstance: nyc_taxi_daily_etl.load manual__2026-04-13T20:57:14.052487+00:00 [queued]>
[2026-04-13T21:19:15.569+0000] {taskinstance.py:2171} INFO - Starting attempt 1 of 2
[2026-04-13T21:19:15.579+0000] {taskinstance.py:2192} INFO - Executing <Task(PythonOperator): load> on 2026-04-13 20:57:14.052487+00:00
[2026-04-13T21:19:15.584+0000] {standard_task_runner.py:60} INFO - Started process 534 to run task
[2026-04-13T21:19:15.587+0000] {standard_task_runner.py:87} INFO - Running: ['***', 'tasks', 'run', 'nyc_taxi_daily_etl', 'load', 'manual__2026-04-13T20:57:14.052487+00:00', '--job-id', '78', '--raw', '--subdir', 'DAGS_FOLDER/nyc_taxi_etl.py', '--cfg-path', '/tmp/tmpjkcqrnmk']
[2026-04-13T21:19:15.589+0000] {standard_task_runner.py:88} INFO - Job 78: Subtask load
[2026-04-13T21:19:15.621+0000] {task_command.py:423} INFO - Running <TaskInstance: nyc_taxi_daily_etl.load manual__2026-04-13T20:57:14.052487+00:00 [running]> on host ce933bb4fe18
[2026-04-13T21:19:15.809+0000] {taskinstance.py:2481} INFO - Exporting env vars: AIRFLOW_CTX_DAG_OWNER='annjan' AIRFLOW_CTX_DAG_ID='nyc_taxi_daily_etl' AIRFLOW_CTX_TASK_ID='load' AIRFLOW_CTX_EXECUTION_DATE='2026-04-13T20:57:14.052487+00:00' AIRFLOW_CTX_TRY_NUMBER='1' AIRFLOW_CTX_DAG_RUN_ID='manual__2026-04-13T20:57:14.052487+00:00'
[2026-04-13T21:19:15.819+0000] {logging_mixin.py:188} INFO - Loading 35 rows to PostgreSQL...
[2026-04-13T21:19:15.821+0000] {logging_mixin.py:188} INFO -     trip_date  total_trips  gross_revenue  avg_fare  avg_distance
0  2008-12-31            1          80.55     70.00         17.76
1  2022-10-25            5         211.96     34.80          2.15
2  2022-12-31           25         658.23     16.63          3.31
3  2023-01-01        74216     2296235.90     22.06          4.42
4  2023-01-02        63758     2002015.73     22.25          4.63
[2026-04-13T21:19:15.850+0000] {logging_mixin.py:188} INFO - Load complete — 35 rows in fact_daily_trips
[2026-04-13T21:19:15.850+0000] {python.py:201} INFO - Done. Returned value was: None
[2026-04-13T21:19:15.856+0000] {taskinstance.py:1138} INFO - Marking task as SUCCESS. dag_id=nyc_taxi_daily_etl, task_id=load, execution_date=20260413T205714, start_date=20260413T211915, end_date=20260413T211915
[2026-04-13T21:19:15.893+0000] {local_task_job_runner.py:234} INFO - Task exited with return code 0
[2026-04-13T21:19:15.906+0000] {taskinstance.py:3281} INFO - 0 downstream tasks scheduled from follow-on schedule check
